#
# A fatal error has been detected by the Java Runtime Environment:
#
#  EXCEPTION_ACCESS_VIOLATION (0xc0000005) at pc=0x00007ffeaf6e8f19, pid=20648, tid=18188
#
# JRE version: OpenJDK Runtime Environment GraalVM CE 22.3.1 (17.0.6+10) (build 17.0.6+10-jvmci-22.3-b13)
# Java VM: OpenJDK 64-Bit Server VM GraalVM CE 22.3.1 (17.0.6+10-jvmci-22.3-b13, mixed mode, sharing, tiered, jvmci, jvmci compiler, compressed oops, compressed class ptrs, g1 gc, windows-amd64)
# Problematic frame:
# C  [wasmer_jni12542096801691774270.lib+0x18f19]
#
# No core dump will be written. Minidumps are not enabled by default on client versions of Windows
#
# If you would like to submit a bug report, please visit:
#   https://github.com/oracle/graal/issues
# The crash happened outside the Java Virtual Machine in native code.
# See problematic frame for where to report the bug.
#

---------------  S U M M A R Y ------------

Command Line: -XX:ThreadPriorityPolicy=1 -XX:+UnlockExperimentalVMOptions -XX:+EnableJVMCIProduct -XX:JVMCIThreadsPerNativeLibraryRuntime=1 -XX:-UnlockExperimentalVMOptions -Dorg.jetbrains.run.directory=E:\sm_cucumber\src\test\resources -javaagent:C:\Program Files\JetBrains\IntelliJ IDEA Community Edition 2023.1\lib\idea_rt.jar=50694:C:\Program Files\JetBrains\IntelliJ IDEA Community Edition 2023.1\bin -Dfile.encoding=UTF-8 io.cucumber.core.cli.Main --plugin org.jetbrains.plugins.cucumber.java.run.CucumberJvm5SMFormatter --glue StepDefinition E:/sm_cucumber/src/test/resources/test.feature

Host: Intel(R) Xeon(R) CPU E5-2686 v4 @ 2.30GHz, 36 cores, 31G,  Windows 10 , 64 bit Build 19041 (10.0.19041.2788)
Time: Thu Apr 27 10:40:36 2023 SE Asia Standard Time elapsed time: 0.688533 seconds (0d 0h 0m 0s)

---------------  T H R E A D  ---------------

Current thread (0x00000295ef29b000):  JavaThread "Finalizer" daemon [_thread_in_native, id=18188, stack(0x000000c377c00000,0x000000c377d00000)]

Stack: [0x000000c377c00000,0x000000c377d00000],  sp=0x000000c377cfee80,  free space=1019k
Native frames: (J=compiled Java code, j=interpreted, Vv=VM code, C=native code)
C  [wasmer_jni12542096801691774270.lib+0x18f19]

Java frames: (J=compiled Java code, j=interpreted, Vv=VM code)
j  org.wasmer.Instance.nativeDrop(J)V+0
j  org.wasmer.Instance.close()V+5
j  org.wasmer.Instance.finalize()V+1
j  java.lang.System$2.invokeFinalize(Ljava/lang/Object;)V+1 java.base@17.0.6
j  java.lang.ref.Finalizer.runFinalizer(Ljdk/internal/access/JavaLangAccess;)V+115 java.base@17.0.6
j  java.lang.ref.Finalizer$FinalizerThread.run()V+46 java.base@17.0.6
v  ~StubRoutines::call_stub

siginfo: EXCEPTION_ACCESS_VIOLATION (0xc0000005), reading address 0xffffffffffffffff


Register to memory mapping:

RIP=0x00007ffeaf6e8f19 wasmer_jni12542096801691774270.lib
RAX=0x4c28003b05410001 is an unknown value
RBX={method} {0x00000295efddc0d8} 'nativeDrop' '(J)V' in 'org/wasmer/Instance'
RCX=0x00000295ef29b2a8 points into unknown readable memory: 0x00007ffeb8c40660 | 60 06 c4 b8 fe 7f 00 00
RDX=0x000000c377cfef70 is pointing into the stack for thread: 0x00000295ef29b000
RSP=0x000000c377cfee80 is pointing into the stack for thread: 0x00000295ef29b000
RBP=0x000000c377cfeeb0 is pointing into the stack for thread: 0x00000295ef29b000
RSI=0x000000c377cff5b0 is pointing into the stack for thread: 0x00000295ef29b000
RDI=0x0000000000000001 is an unknown value
R8 =0x00000295fc1e6860 points into unknown readable memory: 0x4c28003b05410001 | 01 00 41 05 3b 00 28 4c
R9 =0x00000000000000dc is an unknown value
R10=0x00000295cea4d192 is at code_begin+946 in an Interpreter codelet
method entry point (kind = native)  [0x00000295cea4cde0, 0x00000295cea4d760]  2432 bytes
R11=0x0000000000000102 is an unknown value
R12=0x0 is NULL
R13={method} {0x00000295efddc0d8} 'nativeDrop' '(J)V' in 'org/wasmer/Instance'
R14=0x000000c377cfef70 is pointing into the stack for thread: 0x00000295ef29b000
R15=0x00000295ef29b000 is a thread


Registers:
RAX=0x4c28003b05410001, RBX=0x00000295efddc0d0, RCX=0x00000295ef29b2a8, RDX=0x000000c377cfef70
RSP=0x000000c377cfee80, RBP=0x000000c377cfeeb0, RSI=0x000000c377cff5b0, RDI=0x0000000000000001
R8 =0x00000295fc1e6860, R9 =0x00000000000000dc, R10=0x00000295cea4d192, R11=0x0000000000000102
R12=0x0000000000000000, R13=0x00000295efddc0d0, R14=0x000000c377cfef70, R15=0x00000295ef29b000
RIP=0x00007ffeaf6e8f19, EFLAGS=0x0000000000010202

Top of Stack: (sp=0x000000c377cfee80)
0x000000c377cfee80:   00000295ef29fde0 00000295efddc578
0x000000c377cfee90:   000000c377cfef50 00007ffeb87bda04
0x000000c377cfeea0:   00000295fc1e6860 fffffffffffffffe
0x000000c377cfeeb0:   000000c377cfef40 00000295cea4d1c1
0x000000c377cfeec0:   0000000000000001 0000000000000000
0x000000c377cfeed0:   00000295ef29b000 0000000000000001
0x000000c377cfeee0:   000000c377cff5b0 00007ffeb87ce7e9
0x000000c377cfeef0:   00000295ef29b000 000000c377cfeef8
0x000000c377cfef00:   0000000000000000 000000c377cfef70
0x000000c377cfef10:   00000295efddc698 0000000000000000
0x000000c377cfef20:   000000061f96fbd8 00000295efddc0d0
0x000000c377cfef30:   0000000000000000 000000c377cfef60
0x000000c377cfef40:   000000c377cfefc0 00000295cea493d6
0x000000c377cfef50:   0000000000000000 00000295cea4ac18
0x000000c377cfef60:   00000295fc1e6860 0000000000000000
0x000000c377cfef70:   000000061faad4b0 000000c377cfef78 

Instructions: (pc=0x00007ffeaf6e8f19)
0x00007ffeaf6e8e19:   00 00 00 48 8d 8d c0 00 00 00 e8 28 e6 ff ff 90
0x00007ffeaf6e8e29:   48 83 c4 28 5b 5f 5e 41 5c 41 5d 41 5e 41 5f 5d
0x00007ffeaf6e8e39:   c3 cc cc cc cc cc cc 56 48 81 ec 00 01 00 00 48
0x00007ffeaf6e8e49:   89 4c 24 28 4c 89 44 24 30 4c 89 4c 24 38 48 8d
0x00007ffeaf6e8e59:   74 24 28 48 89 74 24 40 48 8d 44 24 38 48 89 44
0x00007ffeaf6e8e69:   24 48 48 8d 44 24 30 48 89 44 24 50 48 8d 8c 24
0x00007ffeaf6e8e79:   a0 00 00 00 48 8d 54 24 40 e8 f9 8d ff ff 0f 10
0x00007ffeaf6e8e89:   84 24 f0 00 00 00 0f 29 84 24 90 00 00 00 0f 10
0x00007ffeaf6e8e99:   84 24 e0 00 00 00 0f 29 84 24 80 00 00 00 0f 10
0x00007ffeaf6e8ea9:   84 24 a0 00 00 00 0f 10 8c 24 b0 00 00 00 0f 10
0x00007ffeaf6e8eb9:   94 24 c0 00 00 00 0f 10 9c 24 d0 00 00 00 0f 29
0x00007ffeaf6e8ec9:   5c 24 70 0f 29 54 24 60 0f 29 4c 24 50 0f 29 44
0x00007ffeaf6e8ed9:   24 40 48 8d 54 24 40 48 89 f1 e8 c8 7b ff ff 31
0x00007ffeaf6e8ee9:   c9 48 85 c0 48 0f 44 ca 48 89 c8 48 81 c4 00 01
0x00007ffeaf6e8ef9:   00 00 5e c3 cc cc cc 55 48 83 ec 30 48 8d 6c 24
0x00007ffeaf6e8f09:   30 48 c7 45 f8 fe ff ff ff 4c 89 45 f0 49 8b 00
0x00007ffeaf6e8f19:   f0 48 83 28 01 75 09 48 8b 4d f0 e8 77 05 00 00
0x00007ffeaf6e8f29:   48 8b 45 f0 48 8d 48 08 e8 7a c6 ff ff 48 8b 45
0x00007ffeaf6e8f39:   f0 48 8d 48 20 e8 0d 46 ff ff ba 40 00 00 00 41
0x00007ffeaf6e8f49:   b8 08 00 00 00 48 8b 4d f0 48 83 c4 30 5d e9 94
0x00007ffeaf6e8f59:   a5 00 00 0f 1f 40 00 48 89 54 24 10 55 48 83 ec
0x00007ffeaf6e8f69:   20 48 8d 6a 30 48 8b 45 f0 48 8d 48 10 e8 25 e6
0x00007ffeaf6e8f79:   ff ff 90 48 83 c4 20 5d c3 66 2e 0f 1f 84 00 00
0x00007ffeaf6e8f89:   00 00 00 0f 1f 40 00 48 89 54 24 10 55 48 83 ec
0x00007ffeaf6e8f99:   20 48 8d 6a 30 48 8b 45 f0 48 8d 48 08 e8 05 e6
0x00007ffeaf6e8fa9:   ff ff 90 48 83 c4 20 5d c3 66 2e 0f 1f 84 00 00
0x00007ffeaf6e8fb9:   00 00 00 0f 1f 40 00 48 89 54 24 10 55 48 83 ec
0x00007ffeaf6e8fc9:   20 48 8d 6a 30 48 8b 4d f0 e8 29 e9 ff ff 90 48
0x00007ffeaf6e8fd9:   83 c4 20 5d c3 cc cc 56 57 48 81 ec 08 01 00 00
0x00007ffeaf6e8fe9:   48 89 4c 24 28 4c 89 44 24 30 4c 89 4c 24 38 48
0x00007ffeaf6e8ff9:   8d 44 24 30 48 89 44 24 40 48 8d 74 24 28 48 89
0x00007ffeaf6e9009:   74 24 48 48 8d 44 24 38 48 89 44 24 50 48 8d 84 


Stack slot to memory mapping:
stack at sp + 0 slots: 0x00000295ef29fde0 points into unknown readable memory: 0x00000295ef350950 | 50 09 35 ef 95 02 00 00
stack at sp + 1 slots: 0x00000295efddc578 is pointing into metadata
stack at sp + 2 slots: 0x000000c377cfef50 is pointing into the stack for thread: 0x00000295ef29b000
stack at sp + 3 slots: 0x00007ffeb87bda04 jvm.dll
stack at sp + 4 slots: 0x00000295fc1e6860 points into unknown readable memory: 0x4c28003b05410001 | 01 00 41 05 3b 00 28 4c
stack at sp + 5 slots: 0xfffffffffffffffe is an unknown value
stack at sp + 6 slots: 0x000000c377cfef40 is pointing into the stack for thread: 0x00000295ef29b000
stack at sp + 7 slots: 0x00000295cea4d1c1 is at code_begin+993 in an Interpreter codelet
method entry point (kind = native)  [0x00000295cea4cde0, 0x00000295cea4d760]  2432 bytes


---------------  P R O C E S S  ---------------

Threads class SMR info:
_java_thread_list=0x00000295f65f66a0, length=16, elements={
0x00000295bc3b32b0, 0x00000295ef29a180, 0x00000295ef29b000, 0x00000295ef2a9f70,
0x00000295ef2aba50, 0x00000295ef2b0530, 0x00000295ef2d0f00, 0x00000295ef2e7a20,
0x00000295ef2e84d0, 0x00000295ef2eb4f0, 0x00000295ef37ec50, 0x00000295ef402b20,
0x00000295ef40b280, 0x00000295ef5bd5f0, 0x00000295ef5bdad0, 0x00000295f653ef20
}

Java Threads: ( => current thread )
  0x00000295bc3b32b0 JavaThread "main" [_thread_in_native, id=9656, stack(0x000000c377400000,0x000000c377500000)]
  0x00000295ef29a180 JavaThread "Reference Handler" daemon [_thread_blocked, id=2404, stack(0x000000c377b00000,0x000000c377c00000)]
=>0x00000295ef29b000 JavaThread "Finalizer" daemon [_thread_in_native, id=18188, stack(0x000000c377c00000,0x000000c377d00000)]
  0x00000295ef2a9f70 JavaThread "Signal Dispatcher" daemon [_thread_blocked, id=20308, stack(0x000000c377d00000,0x000000c377e00000)]
  0x00000295ef2aba50 JavaThread "Attach Listener" daemon [_thread_blocked, id=18720, stack(0x000000c377e00000,0x000000c377f00000)]
  0x00000295ef2b0530 JavaThread "Service Thread" daemon [_thread_blocked, id=16436, stack(0x000000c377f00000,0x000000c378000000)]
  0x00000295ef2d0f00 JavaThread "Monitor Deflation Thread" daemon [_thread_blocked, id=17100, stack(0x000000c378000000,0x000000c378100000)]
  0x00000295ef2e7a20 JavaThread "JVMCI-native CompilerThread0" daemon [_thread_blocked, id=19940, stack(0x000000c378100000,0x000000c378200000)]
  0x00000295ef2e84d0 JavaThread "C1 CompilerThread0" daemon [_thread_blocked, id=2128, stack(0x000000c378200000,0x000000c378300000)]
  0x00000295ef2eb4f0 JavaThread "Sweeper thread" daemon [_thread_blocked, id=21364, stack(0x000000c378300000,0x000000c378400000)]
  0x00000295ef37ec50 JavaThread "C1 CompilerThread1" daemon [_thread_blocked, id=9452, stack(0x000000c378400000,0x000000c378500000)]
  0x00000295ef402b20 JavaThread "Common-Cleaner" daemon [_thread_blocked, id=19960, stack(0x000000c378500000,0x000000c378600000)]
  0x00000295ef40b280 JavaThread "C1 CompilerThread2" daemon [_thread_blocked, id=7236, stack(0x000000c378600000,0x000000c378700000)]
  0x00000295ef5bd5f0 JavaThread "Monitor Ctrl-Break" daemon [_thread_in_native, id=9096, stack(0x000000c378a00000,0x000000c378b00000)]
  0x00000295ef5bdad0 JavaThread "Notification Thread" daemon [_thread_blocked, id=1568, stack(0x000000c378b00000,0x000000c378c00000)]
  0x00000295f653ef20 JavaThread "C1 CompilerThread3" daemon [_thread_blocked, id=9444, stack(0x000000c378d00000,0x000000c378e00000)]

Other Threads:
  0x00000295ed98ebd0 VMThread "VM Thread" [stack: 0x000000c377a00000,0x000000c377b00000] [id=8800]
  0x00000295ed7c5e10 WatcherThread [stack: 0x000000c378c00000,0x000000c378d00000] [id=15692]
  0x00000295bc4608f0 GCTaskThread "GC Thread#0" [stack: 0x000000c377500000,0x000000c377600000] [id=11436]
  0x00000295fc010c20 GCTaskThread "GC Thread#1" [stack: 0x000000c378700000,0x000000c378800000] [id=17380]
  0x00000295fc00fc00 GCTaskThread "GC Thread#2" [stack: 0x000000c378800000,0x000000c378900000] [id=14136]
  0x00000295fc010410 GCTaskThread "GC Thread#3" [stack: 0x000000c378900000,0x000000c378a00000] [id=9056]
  0x00000295fc00f6a0 GCTaskThread "GC Thread#4" [stack: 0x000000c37d600000,0x000000c37d700000] [id=20368]
  0x00000295fc00f950 GCTaskThread "GC Thread#5" [stack: 0x000000c37d700000,0x000000c37d800000] [id=15956]
  0x00000295fc0106c0 GCTaskThread "GC Thread#6" [stack: 0x000000c37d800000,0x000000c37d900000] [id=4236]
  0x00000295fc00feb0 GCTaskThread "GC Thread#7" [stack: 0x000000c37d900000,0x000000c37da00000] [id=4604]
  0x00000295fc010160 GCTaskThread "GC Thread#8" [stack: 0x000000c37da00000,0x000000c37db00000] [id=17712]
  0x00000295fc010970 GCTaskThread "GC Thread#9" [stack: 0x000000c37db00000,0x000000c37dc00000] [id=8972]
  0x00000295fc010ed0 GCTaskThread "GC Thread#10" [stack: 0x000000c37dc00000,0x000000c37dd00000] [id=11320]
  0x00000295fc011180 GCTaskThread "GC Thread#11" [stack: 0x000000c37dd00000,0x000000c37de00000] [id=22024]
  0x00000295bc3cec10 ConcurrentGCThread "G1 Main Marker" [stack: 0x000000c377600000,0x000000c377700000] [id=21612]
  0x00000295bc472660 ConcurrentGCThread "G1 Conc#0" [stack: 0x000000c377700000,0x000000c377800000] [id=1932]
  0x00000295ed8cabe0 ConcurrentGCThread "G1 Refine#0" [stack: 0x000000c377800000,0x000000c377900000] [id=13452]
  0x00000295ed8cb600 ConcurrentGCThread "G1 Service" [stack: 0x000000c377900000,0x000000c377a00000] [id=6968]

Threads with active compile tasks:

VM state: not at safepoint (normal execution)

VM Mutex/Monitor currently owned by a thread: None

Heap address: 0x0000000601400000, size: 8172 MB, Compressed Oops mode: Zero based, Oop shift amount: 3

CDS archive(s) mapped at: [0x0000000800000000-0x0000000800bc0000-0x0000000800bc0000), size 12320768, SharedBaseAddress: 0x0000000800000000, ArchiveRelocationMode: 0.
Compressed class space mapped at: 0x0000000800c00000-0x0000000840c00000, reserved size: 1073741824
Narrow klass base: 0x0000000800000000, Narrow klass shift: 0, Narrow klass range: 0x100000000

GC Precious Log:
 CPUs: 36 total, 36 available
 Memory: 32674M
 Large Page Support: Disabled
 NUMA Support: Disabled
 Compressed Oops: Enabled (Zero based)
 Heap Region Size: 4M
 Heap Min Capacity: 8M
 Heap Initial Capacity: 512M
 Heap Max Capacity: 8172M
 Pre-touch: Disabled
 Parallel Workers: 25
 Concurrent Workers: 6
 Concurrent Refinement Workers: 25
 Periodic GC: Disabled

Heap:
 garbage-first heap   total 524288K, used 3616K [0x0000000601400000, 0x0000000800000000)
  region size 4096K, 3 young (12288K), 1 survivors (4096K)
 Metaspace       used 6179K, committed 6336K, reserved 1056768K
  class space    used 723K, committed 768K, reserved 1048576K

Heap Regions: E=young(eden), S=young(survivor), O=old, HS=humongous(starts), HC=humongous(continues), CS=collection set, F=free, OA=open archive, CA=closed archive, TAMS=top-at-mark-start (previous, next)
|   0|0x0000000601400000, 0x0000000601400000, 0x0000000601800000|  0%| F|  |TAMS 0x0000000601400000, 0x0000000601400000| Untracked 
|   1|0x0000000601800000, 0x0000000601800000, 0x0000000601c00000|  0%| F|  |TAMS 0x0000000601800000, 0x0000000601800000| Untracked 
|   2|0x0000000601c00000, 0x0000000601c00000, 0x0000000602000000|  0%| F|  |TAMS 0x0000000601c00000, 0x0000000601c00000| Untracked 
|   3|0x0000000602000000, 0x0000000602000000, 0x0000000602400000|  0%| F|  |TAMS 0x0000000602000000, 0x0000000602000000| Untracked 
|   4|0x0000000602400000, 0x0000000602400000, 0x0000000602800000|  0%| F|  |TAMS 0x0000000602400000, 0x0000000602400000| Untracked 
|   5|0x0000000602800000, 0x0000000602800000, 0x0000000602c00000|  0%| F|  |TAMS 0x0000000602800000, 0x0000000602800000| Untracked 
|   6|0x0000000602c00000, 0x0000000602c00000, 0x0000000603000000|  0%| F|  |TAMS 0x0000000602c00000, 0x0000000602c00000| Untracked 
|   7|0x0000000603000000, 0x0000000603000000, 0x0000000603400000|  0%| F|  |TAMS 0x0000000603000000, 0x0000000603000000| Untracked 
|   8|0x0000000603400000, 0x0000000603400000, 0x0000000603800000|  0%| F|  |TAMS 0x0000000603400000, 0x0000000603400000| Untracked 
|   9|0x0000000603800000, 0x0000000603800000, 0x0000000603c00000|  0%| F|  |TAMS 0x0000000603800000, 0x0000000603800000| Untracked 
|  10|0x0000000603c00000, 0x0000000603c00000, 0x0000000604000000|  0%| F|  |TAMS 0x0000000603c00000, 0x0000000603c00000| Untracked 
|  11|0x0000000604000000, 0x0000000604000000, 0x0000000604400000|  0%| F|  |TAMS 0x0000000604000000, 0x0000000604000000| Untracked 
|  12|0x0000000604400000, 0x0000000604400000, 0x0000000604800000|  0%| F|  |TAMS 0x0000000604400000, 0x0000000604400000| Untracked 
|  13|0x0000000604800000, 0x0000000604800000, 0x0000000604c00000|  0%| F|  |TAMS 0x0000000604800000, 0x0000000604800000| Untracked 
|  14|0x0000000604c00000, 0x0000000604c00000, 0x0000000605000000|  0%| F|  |TAMS 0x0000000604c00000, 0x0000000604c00000| Untracked 
|  15|0x0000000605000000, 0x0000000605000000, 0x0000000605400000|  0%| F|  |TAMS 0x0000000605000000, 0x0000000605000000| Untracked 
|  16|0x0000000605400000, 0x0000000605400000, 0x0000000605800000|  0%| F|  |TAMS 0x0000000605400000, 0x0000000605400000| Untracked 
|  17|0x0000000605800000, 0x0000000605800000, 0x0000000605c00000|  0%| F|  |TAMS 0x0000000605800000, 0x0000000605800000| Untracked 
|  18|0x0000000605c00000, 0x0000000605c00000, 0x0000000606000000|  0%| F|  |TAMS 0x0000000605c00000, 0x0000000605c00000| Untracked 
|  19|0x0000000606000000, 0x0000000606000000, 0x0000000606400000|  0%| F|  |TAMS 0x0000000606000000, 0x0000000606000000| Untracked 
|  20|0x0000000606400000, 0x0000000606400000, 0x0000000606800000|  0%| F|  |TAMS 0x0000000606400000, 0x0000000606400000| Untracked 
|  21|0x0000000606800000, 0x0000000606800000, 0x0000000606c00000|  0%| F|  |TAMS 0x0000000606800000, 0x0000000606800000| Untracked 
|  22|0x0000000606c00000, 0x0000000606c00000, 0x0000000607000000|  0%| F|  |TAMS 0x0000000606c00000, 0x0000000606c00000| Untracked 
|  23|0x0000000607000000, 0x0000000607000000, 0x0000000607400000|  0%| F|  |TAMS 0x0000000607000000, 0x0000000607000000| Untracked 
|  24|0x0000000607400000, 0x0000000607400000, 0x0000000607800000|  0%| F|  |TAMS 0x0000000607400000, 0x0000000607400000| Untracked 
|  25|0x0000000607800000, 0x0000000607800000, 0x0000000607c00000|  0%| F|  |TAMS 0x0000000607800000, 0x0000000607800000| Untracked 
|  26|0x0000000607c00000, 0x0000000607c00000, 0x0000000608000000|  0%| F|  |TAMS 0x0000000607c00000, 0x0000000607c00000| Untracked 
|  27|0x0000000608000000, 0x0000000608000000, 0x0000000608400000|  0%| F|  |TAMS 0x0000000608000000, 0x0000000608000000| Untracked 
|  28|0x0000000608400000, 0x0000000608400000, 0x0000000608800000|  0%| F|  |TAMS 0x0000000608400000, 0x0000000608400000| Untracked 
|  29|0x0000000608800000, 0x0000000608800000, 0x0000000608c00000|  0%| F|  |TAMS 0x0000000608800000, 0x0000000608800000| Untracked 
|  30|0x0000000608c00000, 0x0000000608c00000, 0x0000000609000000|  0%| F|  |TAMS 0x0000000608c00000, 0x0000000608c00000| Untracked 
|  31|0x0000000609000000, 0x0000000609000000, 0x0000000609400000|  0%| F|  |TAMS 0x0000000609000000, 0x0000000609000000| Untracked 
|  32|0x0000000609400000, 0x0000000609400000, 0x0000000609800000|  0%| F|  |TAMS 0x0000000609400000, 0x0000000609400000| Untracked 
|  33|0x0000000609800000, 0x0000000609800000, 0x0000000609c00000|  0%| F|  |TAMS 0x0000000609800000, 0x0000000609800000| Untracked 
|  34|0x0000000609c00000, 0x0000000609c00000, 0x000000060a000000|  0%| F|  |TAMS 0x0000000609c00000, 0x0000000609c00000| Untracked 
|  35|0x000000060a000000, 0x000000060a000000, 0x000000060a400000|  0%| F|  |TAMS 0x000000060a000000, 0x000000060a000000| Untracked 
|  36|0x000000060a400000, 0x000000060a400000, 0x000000060a800000|  0%| F|  |TAMS 0x000000060a400000, 0x000000060a400000| Untracked 
|  37|0x000000060a800000, 0x000000060a800000, 0x000000060ac00000|  0%| F|  |TAMS 0x000000060a800000, 0x000000060a800000| Untracked 
|  38|0x000000060ac00000, 0x000000060ac00000, 0x000000060b000000|  0%| F|  |TAMS 0x000000060ac00000, 0x000000060ac00000| Untracked 
|  39|0x000000060b000000, 0x000000060b000000, 0x000000060b400000|  0%| F|  |TAMS 0x000000060b000000, 0x000000060b000000| Untracked 
|  40|0x000000060b400000, 0x000000060b400000, 0x000000060b800000|  0%| F|  |TAMS 0x000000060b400000, 0x000000060b400000| Untracked 
|  41|0x000000060b800000, 0x000000060b800000, 0x000000060bc00000|  0%| F|  |TAMS 0x000000060b800000, 0x000000060b800000| Untracked 
|  42|0x000000060bc00000, 0x000000060bc00000, 0x000000060c000000|  0%| F|  |TAMS 0x000000060bc00000, 0x000000060bc00000| Untracked 
|  43|0x000000060c000000, 0x000000060c000000, 0x000000060c400000|  0%| F|  |TAMS 0x000000060c000000, 0x000000060c000000| Untracked 
|  44|0x000000060c400000, 0x000000060c400000, 0x000000060c800000|  0%| F|  |TAMS 0x000000060c400000, 0x000000060c400000| Untracked 
|  45|0x000000060c800000, 0x000000060c800000, 0x000000060cc00000|  0%| F|  |TAMS 0x000000060c800000, 0x000000060c800000| Untracked 
|  46|0x000000060cc00000, 0x000000060cc00000, 0x000000060d000000|  0%| F|  |TAMS 0x000000060cc00000, 0x000000060cc00000| Untracked 
|  47|0x000000060d000000, 0x000000060d000000, 0x000000060d400000|  0%| F|  |TAMS 0x000000060d000000, 0x000000060d000000| Untracked 
|  48|0x000000060d400000, 0x000000060d400000, 0x000000060d800000|  0%| F|  |TAMS 0x000000060d400000, 0x000000060d400000| Untracked 
|  49|0x000000060d800000, 0x000000060d800000, 0x000000060dc00000|  0%| F|  |TAMS 0x000000060d800000, 0x000000060d800000| Untracked 
|  50|0x000000060dc00000, 0x000000060dc00000, 0x000000060e000000|  0%| F|  |TAMS 0x000000060dc00000, 0x000000060dc00000| Untracked 
|  51|0x000000060e000000, 0x000000060e000000, 0x000000060e400000|  0%| F|  |TAMS 0x000000060e000000, 0x000000060e000000| Untracked 
|  52|0x000000060e400000, 0x000000060e400000, 0x000000060e800000|  0%| F|  |TAMS 0x000000060e400000, 0x000000060e400000| Untracked 
|  53|0x000000060e800000, 0x000000060e800000, 0x000000060ec00000|  0%| F|  |TAMS 0x000000060e800000, 0x000000060e800000| Untracked 
|  54|0x000000060ec00000, 0x000000060ec00000, 0x000000060f000000|  0%| F|  |TAMS 0x000000060ec00000, 0x000000060ec00000| Untracked 
|  55|0x000000060f000000, 0x000000060f000000, 0x000000060f400000|  0%| F|  |TAMS 0x000000060f000000, 0x000000060f000000| Untracked 
|  56|0x000000060f400000, 0x000000060f400000, 0x000000060f800000|  0%| F|  |TAMS 0x000000060f400000, 0x000000060f400000| Untracked 
|  57|0x000000060f800000, 0x000000060f800000, 0x000000060fc00000|  0%| F|  |TAMS 0x000000060f800000, 0x000000060f800000| Untracked 
|  58|0x000000060fc00000, 0x000000060fc00000, 0x0000000610000000|  0%| F|  |TAMS 0x000000060fc00000, 0x000000060fc00000| Untracked 
|  59|0x0000000610000000, 0x0000000610000000, 0x0000000610400000|  0%| F|  |TAMS 0x0000000610000000, 0x0000000610000000| Untracked 
|  60|0x0000000610400000, 0x0000000610400000, 0x0000000610800000|  0%| F|  |TAMS 0x0000000610400000, 0x0000000610400000| Untracked 
|  61|0x0000000610800000, 0x0000000610800000, 0x0000000610c00000|  0%| F|  |TAMS 0x0000000610800000, 0x0000000610800000| Untracked 
|  62|0x0000000610c00000, 0x0000000610c00000, 0x0000000611000000|  0%| F|  |TAMS 0x0000000610c00000, 0x0000000610c00000| Untracked 
|  63|0x0000000611000000, 0x0000000611000000, 0x0000000611400000|  0%| F|  |TAMS 0x0000000611000000, 0x0000000611000000| Untracked 
|  64|0x0000000611400000, 0x0000000611400000, 0x0000000611800000|  0%| F|  |TAMS 0x0000000611400000, 0x0000000611400000| Untracked 
|  65|0x0000000611800000, 0x0000000611800000, 0x0000000611c00000|  0%| F|  |TAMS 0x0000000611800000, 0x0000000611800000| Untracked 
|  66|0x0000000611c00000, 0x0000000611c00000, 0x0000000612000000|  0%| F|  |TAMS 0x0000000611c00000, 0x0000000611c00000| Untracked 
|  67|0x0000000612000000, 0x0000000612000000, 0x0000000612400000|  0%| F|  |TAMS 0x0000000612000000, 0x0000000612000000| Untracked 
|  68|0x0000000612400000, 0x0000000612400000, 0x0000000612800000|  0%| F|  |TAMS 0x0000000612400000, 0x0000000612400000| Untracked 
|  69|0x0000000612800000, 0x0000000612800000, 0x0000000612c00000|  0%| F|  |TAMS 0x0000000612800000, 0x0000000612800000| Untracked 
|  70|0x0000000612c00000, 0x0000000612c00000, 0x0000000613000000|  0%| F|  |TAMS 0x0000000612c00000, 0x0000000612c00000| Untracked 
|  71|0x0000000613000000, 0x0000000613000000, 0x0000000613400000|  0%| F|  |TAMS 0x0000000613000000, 0x0000000613000000| Untracked 
|  72|0x0000000613400000, 0x0000000613400000, 0x0000000613800000|  0%| F|  |TAMS 0x0000000613400000, 0x0000000613400000| Untracked 
|  73|0x0000000613800000, 0x0000000613800000, 0x0000000613c00000|  0%| F|  |TAMS 0x0000000613800000, 0x0000000613800000| Untracked 
|  74|0x0000000613c00000, 0x0000000613c00000, 0x0000000614000000|  0%| F|  |TAMS 0x0000000613c00000, 0x0000000613c00000| Untracked 
|  75|0x0000000614000000, 0x0000000614000000, 0x0000000614400000|  0%| F|  |TAMS 0x0000000614000000, 0x0000000614000000| Untracked 
|  76|0x0000000614400000, 0x0000000614400000, 0x0000000614800000|  0%| F|  |TAMS 0x0000000614400000, 0x0000000614400000| Untracked 
|  77|0x0000000614800000, 0x0000000614800000, 0x0000000614c00000|  0%| F|  |TAMS 0x0000000614800000, 0x0000000614800000| Untracked 
|  78|0x0000000614c00000, 0x0000000614c00000, 0x0000000615000000|  0%| F|  |TAMS 0x0000000614c00000, 0x0000000614c00000| Untracked 
|  79|0x0000000615000000, 0x0000000615000000, 0x0000000615400000|  0%| F|  |TAMS 0x0000000615000000, 0x0000000615000000| Untracked 
|  80|0x0000000615400000, 0x0000000615400000, 0x0000000615800000|  0%| F|  |TAMS 0x0000000615400000, 0x0000000615400000| Untracked 
|  81|0x0000000615800000, 0x0000000615800000, 0x0000000615c00000|  0%| F|  |TAMS 0x0000000615800000, 0x0000000615800000| Untracked 
|  82|0x0000000615c00000, 0x0000000615c00000, 0x0000000616000000|  0%| F|  |TAMS 0x0000000615c00000, 0x0000000615c00000| Untracked 
|  83|0x0000000616000000, 0x0000000616000000, 0x0000000616400000|  0%| F|  |TAMS 0x0000000616000000, 0x0000000616000000| Untracked 
|  84|0x0000000616400000, 0x0000000616400000, 0x0000000616800000|  0%| F|  |TAMS 0x0000000616400000, 0x0000000616400000| Untracked 
|  85|0x0000000616800000, 0x0000000616800000, 0x0000000616c00000|  0%| F|  |TAMS 0x0000000616800000, 0x0000000616800000| Untracked 
|  86|0x0000000616c00000, 0x0000000616c00000, 0x0000000617000000|  0%| F|  |TAMS 0x0000000616c00000, 0x0000000616c00000| Untracked 
|  87|0x0000000617000000, 0x0000000617000000, 0x0000000617400000|  0%| F|  |TAMS 0x0000000617000000, 0x0000000617000000| Untracked 
|  88|0x0000000617400000, 0x0000000617400000, 0x0000000617800000|  0%| F|  |TAMS 0x0000000617400000, 0x0000000617400000| Untracked 
|  89|0x0000000617800000, 0x0000000617800000, 0x0000000617c00000|  0%| F|  |TAMS 0x0000000617800000, 0x0000000617800000| Untracked 
|  90|0x0000000617c00000, 0x0000000617c00000, 0x0000000618000000|  0%| F|  |TAMS 0x0000000617c00000, 0x0000000617c00000| Untracked 
|  91|0x0000000618000000, 0x0000000618000000, 0x0000000618400000|  0%| F|  |TAMS 0x0000000618000000, 0x0000000618000000| Untracked 
|  92|0x0000000618400000, 0x0000000618400000, 0x0000000618800000|  0%| F|  |TAMS 0x0000000618400000, 0x0000000618400000| Untracked 
|  93|0x0000000618800000, 0x0000000618800000, 0x0000000618c00000|  0%| F|  |TAMS 0x0000000618800000, 0x0000000618800000| Untracked 
|  94|0x0000000618c00000, 0x0000000618c00000, 0x0000000619000000|  0%| F|  |TAMS 0x0000000618c00000, 0x0000000618c00000| Untracked 
|  95|0x0000000619000000, 0x0000000619000000, 0x0000000619400000|  0%| F|  |TAMS 0x0000000619000000, 0x0000000619000000| Untracked 
|  96|0x0000000619400000, 0x0000000619400000, 0x0000000619800000|  0%| F|  |TAMS 0x0000000619400000, 0x0000000619400000| Untracked 
|  97|0x0000000619800000, 0x0000000619800000, 0x0000000619c00000|  0%| F|  |TAMS 0x0000000619800000, 0x0000000619800000| Untracked 
|  98|0x0000000619c00000, 0x0000000619c00000, 0x000000061a000000|  0%| F|  |TAMS 0x0000000619c00000, 0x0000000619c00000| Untracked 
|  99|0x000000061a000000, 0x000000061a000000, 0x000000061a400000|  0%| F|  |TAMS 0x000000061a000000, 0x000000061a000000| Untracked 
| 100|0x000000061a400000, 0x000000061a400000, 0x000000061a800000|  0%| F|  |TAMS 0x000000061a400000, 0x000000061a400000| Untracked 
| 101|0x000000061a800000, 0x000000061a800000, 0x000000061ac00000|  0%| F|  |TAMS 0x000000061a800000, 0x000000061a800000| Untracked 
| 102|0x000000061ac00000, 0x000000061ac00000, 0x000000061b000000|  0%| F|  |TAMS 0x000000061ac00000, 0x000000061ac00000| Untracked 
| 103|0x000000061b000000, 0x000000061b000000, 0x000000061b400000|  0%| F|  |TAMS 0x000000061b000000, 0x000000061b000000| Untracked 
| 104|0x000000061b400000, 0x000000061b400000, 0x000000061b800000|  0%| F|  |TAMS 0x000000061b400000, 0x000000061b400000| Untracked 
| 105|0x000000061b800000, 0x000000061b800000, 0x000000061bc00000|  0%| F|  |TAMS 0x000000061b800000, 0x000000061b800000| Untracked 
| 106|0x000000061bc00000, 0x000000061bc00000, 0x000000061c000000|  0%| F|  |TAMS 0x000000061bc00000, 0x000000061bc00000| Untracked 
| 107|0x000000061c000000, 0x000000061c000000, 0x000000061c400000|  0%| F|  |TAMS 0x000000061c000000, 0x000000061c000000| Untracked 
| 108|0x000000061c400000, 0x000000061c400000, 0x000000061c800000|  0%| F|  |TAMS 0x000000061c400000, 0x000000061c400000| Untracked 
| 109|0x000000061c800000, 0x000000061c800000, 0x000000061cc00000|  0%| F|  |TAMS 0x000000061c800000, 0x000000061c800000| Untracked 
| 110|0x000000061cc00000, 0x000000061cc00000, 0x000000061d000000|  0%| F|  |TAMS 0x000000061cc00000, 0x000000061cc00000| Untracked 
| 111|0x000000061d000000, 0x000000061d000000, 0x000000061d400000|  0%| F|  |TAMS 0x000000061d000000, 0x000000061d000000| Untracked 
| 112|0x000000061d400000, 0x000000061d400000, 0x000000061d800000|  0%| F|  |TAMS 0x000000061d400000, 0x000000061d400000| Untracked 
| 113|0x000000061d800000, 0x000000061d800000, 0x000000061dc00000|  0%| F|  |TAMS 0x000000061d800000, 0x000000061d800000| Untracked 
| 114|0x000000061dc00000, 0x000000061dc00000, 0x000000061e000000|  0%| F|  |TAMS 0x000000061dc00000, 0x000000061dc00000| Untracked 
| 115|0x000000061e000000, 0x000000061e000000, 0x000000061e400000|  0%| F|  |TAMS 0x000000061e000000, 0x000000061e000000| Untracked 
| 116|0x000000061e400000, 0x000000061e400000, 0x000000061e800000|  0%| F|  |TAMS 0x000000061e400000, 0x000000061e400000| Untracked 
| 117|0x000000061e800000, 0x000000061e800000, 0x000000061ec00000|  0%| F|  |TAMS 0x000000061e800000, 0x000000061e800000| Untracked 
| 118|0x000000061ec00000, 0x000000061ec00000, 0x000000061f000000|  0%| F|  |TAMS 0x000000061ec00000, 0x000000061ec00000| Untracked 
| 119|0x000000061f000000, 0x000000061f000000, 0x000000061f400000|  0%| F|  |TAMS 0x000000061f000000, 0x000000061f000000| Untracked 
| 120|0x000000061f400000, 0x000000061f400000, 0x000000061f800000|  0%| F|  |TAMS 0x000000061f400000, 0x000000061f400000| Untracked 
| 121|0x000000061f800000, 0x000000061fb88188, 0x000000061fc00000| 88%| S|CS|TAMS 0x000000061f800000, 0x000000061f800000| Complete 
| 122|0x000000061fc00000, 0x000000061fc00000, 0x0000000620000000|  0%| F|  |TAMS 0x000000061fc00000, 0x000000061fc00000| Untracked 
| 123|0x0000000620000000, 0x0000000620000000, 0x0000000620400000|  0%| F|  |TAMS 0x0000000620000000, 0x0000000620000000| Untracked 
| 124|0x0000000620400000, 0x0000000620400000, 0x0000000620800000|  0%| F|  |TAMS 0x0000000620400000, 0x0000000620400000| Untracked 
| 125|0x0000000620800000, 0x0000000620800000, 0x0000000620c00000|  0%| F|  |TAMS 0x0000000620800000, 0x0000000620800000| Untracked 
| 126|0x0000000620c00000, 0x0000000620db92b8, 0x0000000621000000| 43%| E|  |TAMS 0x0000000620c00000, 0x0000000620c00000| Complete 
| 127|0x0000000621000000, 0x000000062127c5e0, 0x0000000621400000| 62%| E|  |TAMS 0x0000000621000000, 0x0000000621000000| Complete 

Card table byte_map: [0x00000295d9480000,0x00000295da480000] _byte_map_base: 0x00000295d6476000

Marking Bits (Prev, Next): (CMBitMap*) 0x00000295bc460f00, (CMBitMap*) 0x00000295bc460f40
 Prev Bits: [0x00000295db480000, 0x00000295e3430000)
 Next Bits: [0x00000295e3430000, 0x00000295eb3e0000)

Polling page: 0x00000295bc480000

Metaspace:

Usage:
  Non-class:      5.33 MB used.
      Class:    723.55 KB used.
       Both:      6.03 MB used.

Virtual space:
  Non-class space:        8.00 MB reserved,       5.44 MB ( 68%) committed,  1 nodes.
      Class space:        1.00 GB reserved,     768.00 KB ( <1%) committed,  1 nodes.
             Both:        1.01 GB reserved,       6.19 MB ( <1%) committed. 

Chunk freelists:
   Non-Class:  2.00 MB
       Class:  3.06 MB
        Both:  5.06 MB

MaxMetaspaceSize: unlimited
CompressedClassSpaceSize: 1.00 GB
Initial GC threshold: 21.00 MB
Current GC threshold: 21.00 MB
CDS: on
MetaspaceReclaimPolicy: balanced
 - commit_granule_bytes: 65536.
 - commit_granule_words: 8192.
 - virtual_space_node_default_size: 1048576.
 - enlarge_chunks_in_place: 1.
 - new_chunks_are_fully_committed: 0.
 - uncommit_free_chunks: 1.
 - use_allocation_guard: 0.
 - handle_deallocations: 1.


Internal statistics:

num_allocs_failed_limit: 0.
num_arena_births: 104.
num_arena_deaths: 0.
num_vsnodes_births: 2.
num_vsnodes_deaths: 0.
num_space_committed: 99.
num_space_uncommitted: 0.
num_chunks_returned_to_freelist: 0.
num_chunks_taken_from_freelist: 244.
num_chunk_merges: 0.
num_chunk_splits: 138.
num_chunks_enlarged: 100.
num_purges: 0.
num_inconsistent_stats: 0.

CodeHeap 'non-profiled nmethods': size=117184Kb used=354Kb max_used=354Kb free=116829Kb
 bounds [0x00000295cf560000, 0x00000295cf7d0000, 0x00000295d67d0000]
CodeHeap 'profiled nmethods': size=117184Kb used=3199Kb max_used=3199Kb free=113985Kb
 bounds [0x00000295c77d0000, 0x00000295c7af0000, 0x00000295cea40000]
CodeHeap 'non-nmethods': size=11392Kb used=2876Kb max_used=2877Kb free=8515Kb
 bounds [0x00000295cea40000, 0x00000295ced10000, 0x00000295cf560000]
 total_blobs=1915 nmethods=1440 adapters=388
 compilation: enabled
              stopped_count=0, restarted_count=0
 full_count=0

JVMCI Events (20 events):
Event: 0.668 Thread 0x00000295ef5b5b90 destroyed JavaVM[4]@0x00000295f487cb28 for JVMCI runtime 3
Event: 0.668 Thread 0x00000295ef5b5b90 compacted oop handles in JVMCI runtime 3 from 49 to 49
Event: 0.668 Thread 0x00000295ef5b5b90 releasing handles for JVMCI runtime 3: oop handles=49, metadata handles={total=192, live=174, blocks=6}
Event: 0.668 Thread 0x00000295ef5b5b90 detached from JVMCI runtime 3
Event: 0.672 Thread 0x00000295ef5b4e50 detaching from JVMCI runtime 2: stopping idle compiler thread (0 other threads still attached)
Event: 0.672 Thread 0x00000295ef5b4e50 shutting down HotSpotJVMCIRuntime for JVMCI runtime 2
Event: 0.672 Thread 0x00000295ef5b4930 detaching from JVMCI runtime 1: stopping idle compiler thread (0 other threads still attached)
Event: 0.672 Thread 0x00000295ef5b4930 shutting down HotSpotJVMCIRuntime for JVMCI runtime 1
Event: 0.672 Thread 0x00000295ef5b4e50 compacted oop handles in JVMCI runtime 2 from 77 to 48
Event: 0.672 Thread 0x00000295ef5b4e50 shut down JVMCI runtime 2
Event: 0.672 Thread 0x00000295ef5b4930 shut down JVMCI runtime 1
Event: 0.672 Thread 0x00000295ef2e7a20 compacted oop handles in JVMCI runtime 0 from 53 to 42
Event: 0.678 Thread 0x00000295ef5b4930 destroyed JavaVM[2]@0x00000295f237cb28 for JVMCI runtime 1
Event: 0.678 Thread 0x00000295ef5b4930 compacted oop handles in JVMCI runtime 1 from 64 to 64
Event: 0.678 Thread 0x00000295ef5b4930 releasing handles for JVMCI runtime 1: oop handles=64, metadata handles={total=192, live=185, blocks=6}
Event: 0.678 Thread 0x00000295ef5b4930 detached from JVMCI runtime 1
Event: 0.678 Thread 0x00000295ef5b4e50 destroyed JavaVM[3]@0x00000295f367cb28 for JVMCI runtime 2
Event: 0.678 Thread 0x00000295ef5b4e50 compacted oop handles in JVMCI runtime 2 from 48 to 48
Event: 0.678 Thread 0x00000295ef5b4e50 releasing handles for JVMCI runtime 2: oop handles=48, metadata handles={total=224, live=205, blocks=7}
Event: 0.678 Thread 0x00000295ef5b4e50 detached from JVMCI runtime 2

Compilation events (20 events):
Event: 0.676 Thread 0x00000295f653ef20 nmethod 1394 0x00000295c7ae0c10 code [0x00000295c7ae0dc0, 0x00000295c7ae0f88]
Event: 0.676 Thread 0x00000295ef2e84d0 1399       1       java.util.stream.ReduceOps$Box::get (5 bytes)
Event: 0.676 Thread 0x00000295ef37ec50 nmethod 1397 0x00000295cf5b5910 code [0x00000295cf5b5aa0, 0x00000295cf5b5b78]
Event: 0.676 Thread 0x00000295ef40b280 nmethod 1398 0x00000295c7ae1090 code [0x00000295c7ae1240, 0x00000295c7ae1568]
Event: 0.676 Thread 0x00000295ef2e84d0 nmethod 1399 0x00000295cf5b5c10 code [0x00000295cf5b5da0, 0x00000295cf5b5e78]
Event: 0.676 Thread 0x00000295ef2e84d0 1400       3       java.util.ArrayList::<init> (61 bytes)
Event: 0.677 Thread 0x00000295ef40b280 1401       3       java.util.Collections$UnmodifiableCollection::contains (11 bytes)
Event: 0.677 Thread 0x00000295f653ef20 1402       3       java.util.ArrayList$ArrayListSpliterator::getFence (35 bytes)
Event: 0.677 Thread 0x00000295ef40b280 nmethod 1401 0x00000295c7ae1610 code [0x00000295c7ae17c0, 0x00000295c7ae1ae8]
Event: 0.677 Thread 0x00000295ef2e84d0 nmethod 1400 0x00000295c7ae1b90 code [0x00000295c7ae1e00, 0x00000295c7ae2798]
Event: 0.677 Thread 0x00000295ef40b280 1403       3       java.util.RegularEnumSet::contains (57 bytes)
Event: 0.677 Thread 0x00000295f653ef20 nmethod 1402 0x00000295c7ae2a90 code [0x00000295c7ae2c20, 0x00000295c7ae2d78]
Event: 0.677 Thread 0x00000295ef40b280 nmethod 1403 0x00000295c7ae2e10 code [0x00000295c7ae2fe0, 0x00000295c7ae3568]
Event: 0.678 Thread 0x00000295ef40b280 1404       3       java.lang.Long::valueOf (40 bytes)
Event: 0.678 Thread 0x00000295ef40b280 nmethod 1404 0x00000295c7ae3690 code [0x00000295c7ae3840, 0x00000295c7ae3b98]
Event: 0.678 Thread 0x00000295ef40b280 1405       3       java.util.regex.Pattern$Slice::match (79 bytes)
Event: 0.682 Thread 0x00000295ef40b280 nmethod 1405 0x00000295c7ae3d10 code [0x00000295c7ae3ee0, 0x00000295c7ae4638]
Event: 0.682 Thread 0x00000295ef40b280 1407       3       java.lang.ref.Reference::enqueueFromPending (19 bytes)
Event: 0.682 Thread 0x00000295ef37ec50 1408   !   3       java.lang.ref.ReferenceQueue::enqueue (119 bytes)
Event: 0.682 Thread 0x00000295ef40b280 nmethod 1407 0x00000295c7ae4810 code [0x00000295c7ae49c0, 0x00000295c7ae4d48]

GC Heap History (2 events):
Event: 0.678 GC heap before
{Heap before GC invocations=0 (full 0):
 garbage-first heap   total 524288K, used 20480K [0x0000000601400000, 0x0000000800000000)
  region size 4096K, 6 young (24576K), 0 survivors (0K)
 Metaspace       used 6163K, committed 6272K, reserved 1056768K
  class space    used 723K, committed 768K, reserved 1048576K
}
Event: 0.682 GC heap after
{Heap after GC invocations=1 (full 0):
 garbage-first heap   total 524288K, used 3616K [0x0000000601400000, 0x0000000800000000)
  region size 4096K, 1 young (4096K), 1 survivors (4096K)
 Metaspace       used 6163K, committed 6272K, reserved 1056768K
  class space    used 723K, committed 768K, reserved 1048576K
}

Dll operation events (11 events):
Event: 0.006 Loaded shared library C:\Users\Admin\.jdks\graalvm-ce-17\bin\java.dll
Event: 0.016 Loaded shared library C:\Users\Admin\.jdks\graalvm-ce-17\bin\jsvml.dll
Event: 0.080 Loaded shared library C:\Users\Admin\.jdks\graalvm-ce-17\bin\zip.dll
Event: 0.082 Loaded shared library C:\Users\Admin\.jdks\graalvm-ce-17\bin\instrument.dll
Event: 0.087 Loaded shared library C:\Users\Admin\.jdks\graalvm-ce-17\bin\net.dll
Event: 0.088 Loaded shared library C:\Users\Admin\.jdks\graalvm-ce-17\bin\nio.dll
Event: 0.091 Loaded shared library C:\Users\Admin\.jdks\graalvm-ce-17\bin\jvmcicompiler.dll
Event: 0.095 Loaded shared library C:\Users\Admin\.jdks\graalvm-ce-17\bin\zip.dll
Event: 0.118 Loaded shared library C:\Program Files\JetBrains\IntelliJ IDEA Community Edition 2023.1\bin\breakgen64.dll
Event: 0.135 Loaded shared library C:\Users\Admin\.jdks\graalvm-ce-17\bin\jimage.dll
Event: 0.634 Loaded shared library C:\Users\Admin\AppData\Local\Temp\wasmer_jni12542096801691774270.lib

Deoptimization events (18 events):
Event: 0.152 Thread 0x00000295bc3b32b0 DEOPT PACKING pc=0x00000295c77e26e7 sp=0x000000c3774fe080
Event: 0.152 Thread 0x00000295bc3b32b0 DEOPT UNPACKING pc=0x00000295cea96f45 sp=0x000000c3774fd4a0 mode 0
Event: 0.165 Thread 0x00000295bc3b32b0 DEOPT PACKING pc=0x00000295c77db9d1 sp=0x000000c3774fc990
Event: 0.165 Thread 0x00000295bc3b32b0 DEOPT UNPACKING pc=0x00000295cea96f45 sp=0x000000c3774fbe08 mode 0
Event: 0.302 Thread 0x00000295bc3b32b0 Uncommon trap: trap_request=0xffffffed fr.pc=0x00000295cf5875ec relative=0x000000000000016c
Event: 0.302 Thread 0x00000295bc3b32b0 Uncommon trap: reason=null_assert_or_unreached0 action=reinterpret pc=0x00000295cf5875ec method=java.lang.String.startsWith(Ljava/lang/String;I)Z @ 0 jvmci
Event: 0.302 Thread 0x00000295bc3b32b0 DEOPT PACKING pc=0x00000295cf5875ec sp=0x000000c3774fe570
Event: 0.302 Thread 0x00000295bc3b32b0 DEOPT UNPACKING pc=0x00000295cea96f45 sp=0x000000c3774fd9d0 mode 3
Event: 0.411 Thread 0x00000295bc3b32b0 Uncommon trap: trap_request=0xffffffe5 fr.pc=0x00000295cf586fb6 relative=0x00000000000002b6
Event: 0.411 Thread 0x00000295bc3b32b0 Uncommon trap: reason=range_check action=reinterpret pc=0x00000295cf586fb6 method=java.lang.StringLatin1.indexOf([BI[BII)I @ 0 jvmci
Event: 0.411 Thread 0x00000295bc3b32b0 DEOPT PACKING pc=0x00000295cf586fb6 sp=0x000000c3774fed00
Event: 0.411 Thread 0x00000295bc3b32b0 DEOPT UNPACKING pc=0x00000295cea96f45 sp=0x000000c3774fe170 mode 3
Event: 0.413 Thread 0x00000295bc3b32b0 DEOPT PACKING pc=0x00000295c783e57e sp=0x000000c3774fe180
Event: 0.413 Thread 0x00000295bc3b32b0 DEOPT UNPACKING pc=0x00000295cea96f45 sp=0x000000c3774fd5f0 mode 0
Event: 0.491 Thread 0x00000295bc3b32b0 Uncommon trap: trap_request=0xffffffed fr.pc=0x00000295cf5aa4d4 relative=0x0000000000000054
Event: 0.491 Thread 0x00000295bc3b32b0 Uncommon trap: reason=null_assert_or_unreached0 action=reinterpret pc=0x00000295cf5aa4d4 method=java.lang.CharacterData.of(I)Ljava/lang/CharacterData; @ 0 jvmci
Event: 0.491 Thread 0x00000295bc3b32b0 DEOPT PACKING pc=0x00000295cf5aa4d4 sp=0x000000c3774fdd70
Event: 0.491 Thread 0x00000295bc3b32b0 DEOPT UNPACKING pc=0x00000295cea96f45 sp=0x000000c3774fd218 mode 3

Classes unloaded (0 events):
No events

Classes redefined (0 events):
No events

Internal exceptions (20 events):
Event: 0.263 Thread 0x00000295bc3b32b0 Exception <a 'java/lang/NoSuchMethodError'{0x0000000620a920f0}: 'java.lang.Object java.lang.invoke.DirectMethodHandle$Holder.newInvokeSpecial(java.lang.Object, java.lang.Object, java.lang.Object, java.lang.Object, java.lang.Object, java.lang.Object, java.lang.Object)'> (0x0000000620a920f0) 
thrown [s\src\hotspot\share\interpreter\linkResolver.cpp, line 759]
Event: 0.263 Thread 0x00000295bc3b32b0 Exception <a 'java/lang/NoSuchMethodError'{0x0000000620a96678}: 'java.lang.Object java.lang.invoke.Invokers$Holder.linkToTargetMethod(java.lang.Object, java.lang.Object, java.lang.Object, java.lang.Object, java.lang.Object, java.lang.Object, java.lang.Object)'> (0x0000000620a96678) 
thrown [s\src\hotspot\share\interpreter\linkResolver.cpp, line 759]
Event: 0.265 Thread 0x00000295bc3b32b0 Exception <a 'java/lang/NoSuchMethodError'{0x0000000620a9dbc0}: 'java.lang.Object java.lang.invoke.DirectMethodHandle$Holder.invokeSpecialIFC(java.lang.Object, java.lang.Object, java.lang.Object, java.lang.Object, java.lang.Object)'> (0x0000000620a9dbc0) 
thrown [s\src\hotspot\share\interpreter\linkResolver.cpp, line 759]
Event: 0.318 Thread 0x00000295bc3b32b0 Exception <a 'java/lang/NoSuchMethodError'{0x0000000620485e88}: 'java.lang.Object java.lang.invoke.DirectMethodHandle$Holder.invokeStaticInit(java.lang.Object, int, int, int, int)'> (0x0000000620485e88) 
thrown [s\src\hotspot\share\interpreter\linkResolver.cpp, line 759]
Event: 0.366 Thread 0x00000295bc3b32b0 Exception <a 'java/lang/NoSuchMethodError'{0x00000006204d9ec8}: 'java.lang.Object java.lang.invoke.DirectMethodHandle$Holder.invokeStaticInit(java.lang.Object, java.lang.Object, int, int, int, int)'> (0x00000006204d9ec8) 
thrown [s\src\hotspot\share\interpreter\linkResolver.cpp, line 759]
Event: 0.376 Thread 0x00000295bc3b32b0 Exception <a 'java/lang/IncompatibleClassChangeError'{0x0000000620511240}: Found class java.lang.Object, but interface was expected> (0x0000000620511240) 
thrown [s\src\hotspot\share\interpreter\linkResolver.cpp, line 826]
Event: 0.397 Thread 0x00000295bc3b32b0 Exception <a 'java/lang/NoSuchMethodError'{0x00000006205b5a38}: 'int java.lang.invoke.DirectMethodHandle$Holder.invokeSpecial(java.lang.Object, java.lang.Object, java.lang.Object)'> (0x00000006205b5a38) 
thrown [s\src\hotspot\share\interpreter\linkResolver.cpp, line 759]
Event: 0.401 Thread 0x00000295bc3b32b0 Exception <a 'java/lang/NoSuchMethodError'{0x00000006205d6580}: 'java.lang.Object java.lang.invoke.DirectMethodHandle$Holder.invokeSpecial(java.lang.Object, java.lang.Object, int, java.lang.Object, java.lang.Object)'> (0x00000006205d6580) 
thrown [s\src\hotspot\share\interpreter\linkResolver.cpp, line 759]
Event: 0.401 Thread 0x00000295bc3b32b0 Exception <a 'java/lang/NoSuchMethodError'{0x00000006205de850}: 'java.lang.Object java.lang.invoke.DirectMethodHandle$Holder.newInvokeSpecial(java.lang.Object, java.lang.Object, int, java.lang.Object)'> (0x00000006205de850) 
thrown [s\src\hotspot\share\interpreter\linkResolver.cpp, line 759]
Event: 0.402 Thread 0x00000295bc3b32b0 Exception <a 'java/lang/NoSuchMethodError'{0x00000006205e2c30}: 'java.lang.Object java.lang.invoke.DirectMethodHandle$Holder.invokeSpecial(java.lang.Object, java.lang.Object, java.lang.Object, int, java.lang.Object)'> (0x00000006205e2c30) 
thrown [s\src\hotspot\share\interpreter\linkResolver.cpp, line 759]
Event: 0.429 Thread 0x00000295bc3b32b0 Exception <a 'java/lang/NoSuchMethodError'{0x00000006206d74a8}: 'int java.lang.invoke.DirectMethodHandle$Holder.invokeVirtual(java.lang.Object, java.lang.Object)'> (0x00000006206d74a8) 
thrown [s\src\hotspot\share\interpreter\linkResolver.cpp, line 759]
Event: 0.443 Thread 0x00000295bc3b32b0 Exception <a 'java/lang/NoSuchMethodError'{0x00000006207422e8}: 'java.lang.Object java.lang.invoke.DirectMethodHandle$Holder.newInvokeSpecial(java.lang.Object, java.lang.Object, java.lang.Object, java.lang.Object, java.lang.Object)'> (0x00000006207422e8) 
thrown [s\src\hotspot\share\interpreter\linkResolver.cpp, line 759]
Event: 0.444 Thread 0x00000295bc3b32b0 Exception <a 'sun/nio/fs/WindowsException'{0x0000000620746390}> (0x0000000620746390) 
thrown [s\src\hotspot\share\prims\jni.cpp, line 516]
Event: 0.446 Thread 0x00000295bc3b32b0 Exception <a 'java/lang/NoSuchMethodError'{0x0000000620754420}: 'void java.lang.invoke.DirectMethodHandle$Holder.invokeSpecial(java.lang.Object, java.lang.Object, java.lang.Object, java.lang.Object, java.lang.Object)'> (0x0000000620754420) 
thrown [s\src\hotspot\share\interpreter\linkResolver.cpp, line 759]
Event: 0.521 Thread 0x00000295bc3b32b0 Exception <a 'java/lang/NoSuchMethodError'{0x0000000620288720}: 'java.lang.Object java.lang.invoke.DirectMethodHandle$Holder.invokeStaticInit(java.lang.Object, java.lang.Object, java.lang.Object, int)'> (0x0000000620288720) 
thrown [s\src\hotspot\share\interpreter\linkResolver.cpp, line 759]
Event: 0.523 Thread 0x00000295bc3b32b0 Exception <a 'java/lang/NoSuchMethodError'{0x00000006202976d8}: 'java.lang.Object java.lang.invoke.DirectMethodHandle$Holder.invokeStatic(java.lang.Object, java.lang.Object, java.lang.Object, java.lang.Object, java.lang.Object, java.lang.Object, java.lang.Object, int)'> (0x00000006202976d8) 
thrown [s\src\hotspot\share\interpreter\linkResolver.cpp, line 759]
Event: 0.523 Thread 0x00000295bc3b32b0 Exception <a 'java/lang/NoSuchMethodError'{0x000000062029c250}: 'java.lang.Object java.lang.invoke.DirectMethodHandle$Holder.invokeStaticInit(java.lang.Object, java.lang.Object, java.lang.Object, java.lang.Object, java.lang.Object, java.lang.Object, java.lang.Object, int)'> (0x000000062029c250) 
thrown [s\src\hotspot\share\interpreter\linkResolver.cpp, line 759]
Event: 0.532 Thread 0x00000295bc3b32b0 Exception <a 'java/lang/NoSuchMethodError'{0x00000006202ea758}: 'java.lang.Object java.lang.invoke.DirectMethodHandle$Holder.newInvokeSpecial(java.lang.Object, java.lang.Object, java.lang.Object, int)'> (0x00000006202ea758) 
thrown [s\src\hotspot\share\interpreter\linkResolver.cpp, line 759]
Event: 0.532 Thread 0x00000295bc3b32b0 Exception <a 'java/lang/NoSuchMethodError'{0x00000006202ee958}: 'java.lang.Object java.lang.invoke.DirectMethodHandle$Holder.invokeSpecial(java.lang.Object, java.lang.Object, java.lang.Object, java.lang.Object, int)'> (0x00000006202ee958) 
thrown [s\src\hotspot\share\interpreter\linkResolver.cpp, line 759]
Event: 0.532 Thread 0x00000295bc3b32b0 Exception <a 'java/lang/NoSuchMethodError'{0x00000006202f2520}: 'java.lang.Object java.lang.invoke.Invokers$Holder.linkToTargetMethod(java.lang.Object, java.lang.Object, int, java.lang.Object)'> (0x00000006202f2520) 
thrown [s\src\hotspot\share\interpreter\linkResolver.cpp, line 759]

VM Operations (20 events):
Event: 0.188 Executing VM operation: HandshakeAllThreads
Event: 0.188 Executing VM operation: HandshakeAllThreads done
Event: 0.219 Executing VM operation: HandshakeAllThreads
Event: 0.219 Executing VM operation: HandshakeAllThreads done
Event: 0.308 Executing VM operation: HandshakeAllThreads
Event: 0.308 Executing VM operation: HandshakeAllThreads done
Event: 0.411 Executing VM operation: HandshakeAllThreads
Event: 0.411 Executing VM operation: HandshakeAllThreads done
Event: 0.441 Executing VM operation: HandshakeAllThreads
Event: 0.441 Executing VM operation: HandshakeAllThreads done
Event: 0.454 Executing VM operation: HandshakeAllThreads
Event: 0.454 Executing VM operation: HandshakeAllThreads done
Event: 0.490 Executing VM operation: HandshakeAllThreads
Event: 0.490 Executing VM operation: HandshakeAllThreads done
Event: 0.527 Executing VM operation: ICBufferFull
Event: 0.527 Executing VM operation: ICBufferFull done
Event: 0.568 Executing VM operation: HandshakeAllThreads
Event: 0.568 Executing VM operation: HandshakeAllThreads done
Event: 0.678 Executing VM operation: G1CollectForAllocation
Event: 0.682 Executing VM operation: G1CollectForAllocation done

Events (20 events):
Event: 0.545 loading class java/util/stream/Streams$RangeIntSpliterator done
Event: 0.558 loading class java/util/ArrayList$SubList$1
Event: 0.558 loading class java/util/ArrayList$SubList$1 done
Event: 0.561 loading class java/time/Instant$1
Event: 0.561 loading class java/time/Instant$1 done
Event: 0.565 loading class java/lang/reflect/ParameterizedType
Event: 0.565 loading class java/lang/reflect/ParameterizedType done
Event: 0.565 loading class java/lang/NumberFormatException
Event: 0.565 loading class java/lang/NumberFormatException done
Event: 0.570 loading class java/io/File$TempDirectory
Event: 0.570 loading class java/io/File$TempDirectory done
Event: 0.571 loading class java/io/DeleteOnExitHook
Event: 0.571 loading class java/io/DeleteOnExitHook done
Event: 0.571 loading class java/io/DeleteOnExitHook$1
Event: 0.571 loading class java/io/DeleteOnExitHook$1 done
Event: 0.611 loading class java/io/FileOutputStream$1
Event: 0.611 loading class java/io/FileOutputStream$1 done
Event: 0.668 Thread 0x00000295ef5b5b90 Thread exited: 0x00000295ef5b5b90
Event: 0.678 Thread 0x00000295ef5b4930 Thread exited: 0x00000295ef5b4930
Event: 0.678 Thread 0x00000295ef5b4e50 Thread exited: 0x00000295ef5b4e50


Dynamic libraries:
0x00007ff755ba0000 - 0x00007ff755bae000 	C:\Users\Admin\.jdks\graalvm-ce-17\bin\java.exe
0x00007fff5ded0000 - 0x00007fff5e0c8000 	C:\Windows\SYSTEM32\ntdll.dll
0x00007fff5c3a0000 - 0x00007fff5c45f000 	C:\Windows\System32\KERNEL32.DLL
0x00007fff5bb40000 - 0x00007fff5be1a000 	C:\Windows\System32\KERNELBASE.dll
0x00007fff5ba10000 - 0x00007fff5bb10000 	C:\Windows\System32\ucrtbase.dll
0x00007fff4d500000 - 0x00007fff4d517000 	C:\Users\Admin\.jdks\graalvm-ce-17\bin\jli.dll
0x00007fff3e4a0000 - 0x00007fff3e4bb000 	C:\Users\Admin\.jdks\graalvm-ce-17\bin\VCRUNTIME140.dll
0x00007fff5bf30000 - 0x00007fff5c0cd000 	C:\Windows\System32\USER32.dll
0x00007fff5b9e0000 - 0x00007fff5ba02000 	C:\Windows\System32\win32u.dll
0x00007fff42df0000 - 0x00007fff4308a000 	C:\Windows\WinSxS\amd64_microsoft.windows.common-controls_6595b64144ccf1df_6.0.19041.1110_none_60b5254171f9507e\COMCTL32.dll
0x00007fff5d160000 - 0x00007fff5d18b000 	C:\Windows\System32\GDI32.dll
0x00007fff5d8b0000 - 0x00007fff5d94e000 	C:\Windows\System32\msvcrt.dll
0x00007fff5be20000 - 0x00007fff5bf30000 	C:\Windows\System32\gdi32full.dll
0x00007fff5b6a0000 - 0x00007fff5b73d000 	C:\Windows\System32\msvcp_win.dll
0x00007fff5d2f0000 - 0x00007fff5d320000 	C:\Windows\System32\IMM32.DLL
0x00007fff53250000 - 0x00007fff5325c000 	C:\Users\Admin\.jdks\graalvm-ce-17\bin\vcruntime140_1.dll
0x00007fff38240000 - 0x00007fff382ce000 	C:\Users\Admin\.jdks\graalvm-ce-17\bin\msvcp140.dll
0x00007ffeb81b0000 - 0x00007ffeb8d7c000 	C:\Users\Admin\.jdks\graalvm-ce-17\bin\server\jvm.dll
0x00007fff5d9b0000 - 0x00007fff5da5e000 	C:\Windows\System32\ADVAPI32.dll
0x00007fff5d7b0000 - 0x00007fff5d84c000 	C:\Windows\System32\sechost.dll
0x00007fff5c7c0000 - 0x00007fff5c8e6000 	C:\Windows\System32\RPCRT4.dll
0x00007fff58d80000 - 0x00007fff58d89000 	C:\Windows\SYSTEM32\WSOCK32.dll
0x00007fff514f0000 - 0x00007fff51517000 	C:\Windows\SYSTEM32\WINMM.dll
0x00007fff54d50000 - 0x00007fff54d5a000 	C:\Windows\SYSTEM32\VERSION.dll
0x00007fff5dc70000 - 0x00007fff5dcdb000 	C:\Windows\System32\WS2_32.dll
0x00007fff594c0000 - 0x00007fff594d2000 	C:\Windows\SYSTEM32\kernel.appcore.dll
0x00007fff52af0000 - 0x00007fff52afa000 	C:\Users\Admin\.jdks\graalvm-ce-17\bin\jimage.dll
0x00007fff4db30000 - 0x00007fff4dd14000 	C:\Windows\SYSTEM32\DBGHELP.DLL
0x00007fff4c8f0000 - 0x00007fff4c924000 	C:\Windows\SYSTEM32\dbgcore.DLL
0x00007fff5b7f0000 - 0x00007fff5b872000 	C:\Windows\System32\bcryptPrimitives.dll
0x00007fff570d0000 - 0x00007fff570de000 	C:\Users\Admin\.jdks\graalvm-ce-17\bin\instrument.dll
0x00007fff3e470000 - 0x00007fff3e495000 	C:\Users\Admin\.jdks\graalvm-ce-17\bin\java.dll
0x00007fff37c20000 - 0x00007fff37cf7000 	C:\Users\Admin\.jdks\graalvm-ce-17\bin\jsvml.dll
0x00007fff5ca10000 - 0x00007fff5d154000 	C:\Windows\System32\SHELL32.dll
0x00007fff596c0000 - 0x00007fff59e53000 	C:\Windows\SYSTEM32\windows.storage.dll
0x00007fff5c460000 - 0x00007fff5c7b4000 	C:\Windows\System32\combase.dll
0x00007fff5b040000 - 0x00007fff5b06e000 	C:\Windows\SYSTEM32\Wldp.dll
0x00007fff5d190000 - 0x00007fff5d23d000 	C:\Windows\System32\SHCORE.dll
0x00007fff5d950000 - 0x00007fff5d9a5000 	C:\Windows\System32\shlwapi.dll
0x00007fff5b520000 - 0x00007fff5b53f000 	C:\Windows\SYSTEM32\profapi.dll
0x00007fff3d5b0000 - 0x00007fff3d5c8000 	C:\Users\Admin\.jdks\graalvm-ce-17\bin\zip.dll
0x00007fff3d340000 - 0x00007fff3d359000 	C:\Users\Admin\.jdks\graalvm-ce-17\bin\net.dll
0x00007fff55af0000 - 0x00007fff55bfa000 	C:\Windows\SYSTEM32\WINHTTP.dll
0x00007fff5ad30000 - 0x00007fff5ad9a000 	C:\Windows\system32\mswsock.dll
0x00007fff3d280000 - 0x00007fff3d296000 	C:\Users\Admin\.jdks\graalvm-ce-17\bin\nio.dll
0x00007ffeb6140000 - 0x00007ffeb81a1000 	C:\Users\Admin\.jdks\graalvm-ce-17\bin\jvmcicompiler.dll
0x00007fff5b4e0000 - 0x00007fff5b50e000 	C:\Windows\SYSTEM32\USERENV.dll
0x00007fff5b0b0000 - 0x00007fff5b0d8000 	C:\Windows\SYSTEM32\ncrypt.dll
0x00007fff5a9b0000 - 0x00007fff5a9ec000 	C:\Windows\SYSTEM32\IPHLPAPI.DLL
0x00007fff5b070000 - 0x00007fff5b0ab000 	C:\Windows\SYSTEM32\NTASN1.dll
0x00007fff51540000 - 0x00007fff5155a000 	C:\Program Files\JetBrains\IntelliJ IDEA Community Edition 2023.1\bin\breakgen64.dll
0x00007fff5af20000 - 0x00007fff5af38000 	C:\Windows\SYSTEM32\CRYPTSP.dll
0x00007fff5a5e0000 - 0x00007fff5a614000 	C:\Windows\system32\rsaenh.dll
0x00007fff5bb10000 - 0x00007fff5bb37000 	C:\Windows\System32\bcrypt.dll
0x00007fff5af40000 - 0x00007fff5af4c000 	C:\Windows\SYSTEM32\CRYPTBASE.dll
0x00007fff5d320000 - 0x00007fff5d328000 	C:\Windows\System32\NSI.dll
0x00007fff556a0000 - 0x00007fff556b7000 	C:\Windows\SYSTEM32\dhcpcsvc6.DLL
0x00007fff554f0000 - 0x00007fff5550d000 	C:\Windows\SYSTEM32\dhcpcsvc.DLL
0x00007fff5aa60000 - 0x00007fff5ab2b000 	C:\Windows\SYSTEM32\DNSAPI.dll
0x00007ffeaf6d0000 - 0x00007ffeafbfe000 	C:\Users\Admin\AppData\Local\Temp\wasmer_jni12542096801691774270.lib

dbghelp: loaded successfully - version: 4.0.5 - missing functions: none
symbol engine: initialized successfully - sym options: 0x614 - pdb path: .;C:\Users\Admin\.jdks\graalvm-ce-17\bin;C:\Windows\SYSTEM32;C:\Windows\WinSxS\amd64_microsoft.windows.common-controls_6595b64144ccf1df_6.0.19041.1110_none_60b5254171f9507e;C:\Users\Admin\.jdks\graalvm-ce-17\bin\server;C:\Program Files\JetBrains\IntelliJ IDEA Community Edition 2023.1\bin;C:\Users\Admin\AppData\Local\Temp

VM Arguments:
jvm_args: -XX:ThreadPriorityPolicy=1 -XX:+UnlockExperimentalVMOptions -XX:+EnableJVMCIProduct -XX:JVMCIThreadsPerNativeLibraryRuntime=1 -XX:-UnlockExperimentalVMOptions -Dorg.jetbrains.run.directory=E:\sm_cucumber\src\test\resources -javaagent:C:\Program Files\JetBrains\IntelliJ IDEA Community Edition 2023.1\lib\idea_rt.jar=50694:C:\Program Files\JetBrains\IntelliJ IDEA Community Edition 2023.1\bin -Dfile.encoding=UTF-8 
java_command: io.cucumber.core.cli.Main --plugin org.jetbrains.plugins.cucumber.java.run.CucumberJvm5SMFormatter --glue StepDefinition E:/sm_cucumber/src/test/resources/test.feature
java_class_path (initial): E:\sm_cucumber\target\test-classes;E:\sm_cucumber\target\classes;C:\Users\Admin\.m2\repository\io\cucumber\cucumber-java\7.11.2\cucumber-java-7.11.2.jar;C:\Users\Admin\.m2\repository\io\cucumber\cucumber-core\7.11.2\cucumber-core-7.11.2.jar;C:\Users\Admin\.m2\repository\io\cucumber\cucumber-gherkin\7.11.2\cucumber-gherkin-7.11.2.jar;C:\Users\Admin\.m2\repository\io\cucumber\cucumber-gherkin-messages\7.11.2\cucumber-gherkin-messages-7.11.2.jar;C:\Users\Admin\.m2\repository\io\cucumber\gherkin\26.0.3\gherkin-26.0.3.jar;C:\Users\Admin\.m2\repository\io\cucumber\messages\21.0.1\messages-21.0.1.jar;C:\Users\Admin\.m2\repository\io\cucumber\tag-expressions\5.0.1\tag-expressions-5.0.1.jar;C:\Users\Admin\.m2\repository\io\cucumber\cucumber-expressions\16.1.2\cucumber-expressions-16.1.2.jar;C:\Users\Admin\.m2\repository\io\cucumber\datatable\7.11.2\datatable-7.11.2.jar;C:\Users\Admin\.m2\repository\io\cucumber\cucumber-plugin\7.11.2\cucumber-plugin-7.11.2.jar;C:\Users\Admin\.m2\repository\io\cucumber\docstring\7.11.2\docstring-7.11.2.jar;C:\Users\Admin\.m2\repository\io\cucumber\html-formatter\20.2.1\html-formatter-20.2.1.jar;C:\Users\Admin\.m2\repository\io\cucumber\junit-xml-formatter\0.1.0\junit-xml-formatter-0.1.0.jar;C:\Users\Admin\.m2\repository\io\cucumber\ci-environment\9.1.0\ci-environment-9.1.0.jar;C:\Users\Admin\.m2\repository\org\apiguardian\apiguardian-api\1.1.2\apiguardian-api-1.1.2.jar;C:\Users\Admin\.m2\repository\com\wasmer\wasmer-jni\0.3.0\wasmer-jni-0.3.0.jar;C:\Users\Admin\.m2\repository\org\junit\jupiter\junit-jupiter\5.9.2\junit-jupiter-5.9.2.jar;C:\Users\Admin\.m2\repository\org\junit\jupiter\junit-jupiter-api\5.9.2\junit-jupiter-api-5.9.2.jar;C:\Users\Admin\.m2\repository\org\opentest4j\opentest4j\1.2.0\opentest4j-1.2.0.jar;C:\Users\Admin\.m2\repository\org\junit\platform\junit-platform-commons\1.9.2\junit-platform-commons-1.9.2.jar;C:\Users\Admin\.m2\repository\org\junit\jupiter\junit-jupiter-params\5.9.2\junit-jupiter-pa
Launcher Type: SUN_STANDARD

[Global flags]
     intx CICompilerCount                          = 15                                        {product} {ergonomic}
     uint ConcGCThreads                            = 6                                         {product} {ergonomic}
     bool EnableJVMCIProduct                       = true                                {JVMCI product} {jimage}
     uint G1ConcRefinementThreads                  = 25                                        {product} {ergonomic}
   size_t G1HeapRegionSize                         = 4194304                                   {product} {ergonomic}
    uintx GCDrainStackTargetSize                   = 64                                        {product} {ergonomic}
   size_t InitialHeapSize                          = 536870912                                 {product} {ergonomic}
     uint JVMCIThreadsPerNativeLibraryRuntime      = 1                                   {JVMCI product} {jimage}
   size_t MarkStackSize                            = 4194304                                   {product} {ergonomic}
   size_t MaxHeapSize                              = 8568963072                                {product} {ergonomic}
   size_t MaxNewSize                               = 5138022400                                {product} {ergonomic}
   size_t MinHeapDeltaBytes                        = 4194304                                   {product} {ergonomic}
   size_t MinHeapSize                              = 8388608                                   {product} {ergonomic}
    uintx NonNMethodCodeHeapSize                   = 11613124                               {pd product} {ergonomic}
    uintx NonProfiledCodeHeapSize                  = 120022558                              {pd product} {ergonomic}
    uintx ProfiledCodeHeapSize                     = 120022558                              {pd product} {ergonomic}
    uintx ReservedCodeCacheSize                    = 251658240                              {pd product} {ergonomic}
     bool SegmentedCodeCache                       = true                                      {product} {ergonomic}
   size_t SoftMaxHeapSize                          = 8568963072                             {manageable} {ergonomic}
     intx ThreadPriorityPolicy                     = 1                                         {product} {jimage}
     bool UseCompressedClassPointers               = true                           {product lp64_product} {ergonomic}
     bool UseCompressedOops                        = true                           {product lp64_product} {ergonomic}
     bool UseG1GC                                  = true                                      {product} {ergonomic}
     bool UseLargePagesIndividualAllocation        = false                                  {pd product} {ergonomic}

Logging:
Log output configuration:
 #0: stdout all=warning uptime,level,tags
 #1: stderr all=off uptime,level,tags

Environment Variables:
PATH=C:\Python311\Scripts\;C:\Python311\;C:\Program Files\Microsoft\jdk-11.0.16.101-hotspot\bin;C:\Windows\system32;C:\Windows;C:\Windows\System32\Wbem;C:\Windows\System32\WindowsPowerShell\v1.0\;C:\Windows\System32\OpenSSH\;C:\Program Files (x86)\NVIDIA Corporation\PhysX\Common;C:\Program Files\NVIDIA Corporation\NVIDIA NvDLISR;C:\Program Files\dotnet\;C:\Program Files\Microsoft SQL Server\150\Tools\Binn\;C:\Program Files\Microsoft SQL Server\Client SDK\ODBC\170\Tools\Binn\;C:\Program Files (x86)\Microsoft SQL Server\160\Tools\Binn\;C:\Program Files\Microsoft SQL Server\160\Tools\Binn\;C:\Program Files\Microsoft SQL Server\160\DTS\Binn\;C:\Program Files (x86)\Microsoft SQL Server\160\DTS\Binn\;C:\Program Files\Azure Data Studio\bin;C:\Program Files\Git\cmd;C:\Program Files\nodejs\;C:\ProgramData\chocolatey\bin;C:\Program Files\Cloudflare\Cloudflare WARP\;C:\Users\Admin\AppData\Local\Microsoft\WindowsApps;C:\Users\Admin\.dotnet\tools;C:\Users\Admin\AppData\Local\Programs\Microsoft VS Code\bin;C:\Program Files\Azure Data Studio\bin;C:\Users\Admin\AppData\Roaming\npm;E:\apache-maven-3.9.1\bin;E:\apache-zookeeper-3.8.1-bin;E:\kafka_2.13-3.4.0\bin;C:\Program Files\JetBrains\IntelliJ IDEA Community Edition 2023.1\bin;;E:\dart-sdk\bin;E:\flutter\bin;
USERNAME=Admin
OS=Windows_NT
PROCESSOR_IDENTIFIER=Intel64 Family 6 Model 79 Stepping 1, GenuineIntel
TMP=C:\Users\Admin\AppData\Local\Temp
TEMP=C:\Users\Admin\AppData\Local\Temp



---------------  S Y S T E M  ---------------

OS:
 Windows 10 , 64 bit Build 19041 (10.0.19041.2788)
OS uptime: 0 days 2:36 hours

CPU: total 36 (initial active 36) (18 cores per cpu, 2 threads per core) family 6 model 79 stepping 1 microcode 0xb000031, cx8, cmov, fxsr, ht, mmx, 3dnowpref, sse, sse2, sse3, ssse3, sse4.1, sse4.2, popcnt, lzcnt, tsc, tscinvbit, avx, avx2, aes, erms, clmul, bmi1, bmi2, rtm, adx, fma, vzeroupper, clflush

Memory: 4k page, system-wide physical 32674M (19680M free)
TotalPageFile size 32774M (AvailPageFile size 15215M)
current process WorkingSet (physical memory assigned to process): 144M, peak: 214M
current process commit charge ("private bytes"): 721M, peak: 812M

vm_info: OpenJDK 64-Bit Server VM (17.0.6+10-jvmci-22.3-b13) for windows-amd64 JRE (17.0.6+10-jvmci-22.3-b13), built on Jan 18 2023 13:16:54 by "" with MS VC++ 17.1 (VS2022)

END.
