#
# A fatal error has been detected by the Java Runtime Environment:
#
#  EXCEPTION_ACCESS_VIOLATION (0xc0000005) at pc=0x00007ff8e5738f19, pid=21652, tid=20064
#
# JRE version: OpenJDK Runtime Environment GraalVM CE 22.3.1 (17.0.6+10) (build 17.0.6+10-jvmci-22.3-b13)
# Java VM: OpenJDK 64-Bit Server VM GraalVM CE 22.3.1 (17.0.6+10-jvmci-22.3-b13, mixed mode, sharing, tiered, jvmci, jvmci compiler, compressed oops, compressed class ptrs, g1 gc, windows-amd64)
# Problematic frame:
# C  [wasmer_jni16514654115523268245.lib+0x18f19]
#
# No core dump will be written. Minidumps are not enabled by default on client versions of Windows
#
# If you would like to submit a bug report, please visit:
#   https://github.com/oracle/graal/issues
# The crash happened outside the Java Virtual Machine in native code.
# See problematic frame for where to report the bug.
#

---------------  S U M M A R Y ------------

Command Line: -XX:ThreadPriorityPolicy=1 -XX:+UnlockExperimentalVMOptions -XX:+EnableJVMCIProduct -XX:JVMCIThreadsPerNativeLibraryRuntime=1 -XX:-UnlockExperimentalVMOptions -Dorg.jetbrains.run.directory=E:\sm_cucumber\src\test\resources -javaagent:C:\Program Files\JetBrains\IntelliJ IDEA Community Edition 2023.1\lib\idea_rt.jar=53727:C:\Program Files\JetBrains\IntelliJ IDEA Community Edition 2023.1\bin -Dfile.encoding=UTF-8 io.cucumber.core.cli.Main --plugin org.jetbrains.plugins.cucumber.java.run.CucumberJvm5SMFormatter --name ^Input and output$ --glue StepDefinition E:/sm_cucumber/src/test/resources/test.feature

Host: Intel(R) Xeon(R) CPU E5-2686 v4 @ 2.30GHz, 36 cores, 31G,  Windows 10 , 64 bit Build 19041 (10.0.19041.2788)
Time: Wed Apr 26 15:31:53 2023 SE Asia Standard Time elapsed time: 0.719531 seconds (0d 0h 0m 0s)

---------------  T H R E A D  ---------------

Current thread (0x000001c9e977bd10):  JavaThread "Finalizer" daemon [_thread_in_native, id=20064, stack(0x000000b07f600000,0x000000b07f700000)]

Stack: [0x000000b07f600000,0x000000b07f700000],  sp=0x000000b07f6ff390,  free space=1020k
Native frames: (J=compiled Java code, j=interpreted, Vv=VM code, C=native code)
C  [wasmer_jni16514654115523268245.lib+0x18f19]

Java frames: (J=compiled Java code, j=interpreted, Vv=VM code)
j  org.wasmer.Instance.nativeDrop(J)V+0
j  org.wasmer.Instance.close()V+5
j  org.wasmer.Instance.finalize()V+1
j  java.lang.System$2.invokeFinalize(Ljava/lang/Object;)V+1 java.base@17.0.6
j  java.lang.ref.Finalizer.runFinalizer(Ljdk/internal/access/JavaLangAccess;)V+115 java.base@17.0.6
j  java.lang.ref.Finalizer$FinalizerThread.run()V+46 java.base@17.0.6
v  ~StubRoutines::call_stub

siginfo: EXCEPTION_ACCESS_VIOLATION (0xc0000005), writing address 0x00007ff8eed26ca0


Register to memory mapping:

RIP=0x00007ff8e5738f19 wasmer_jni16514654115523268245.lib
RAX=0x00007ff8eed26ca0 jvm.dll
RBX={method} {0x000001c9ea1dc5f0} 'nativeDrop' '(J)V' in 'org/wasmer/Instance'
RCX=0x000001c9e977bfb8 points into unknown readable memory: 0x00007ff8eee80660 | 60 06 e8 ee f8 7f 00 00
RDX=0x000000b07f6ff480 is pointing into the stack for thread: 0x000001c9e977bd10
RSP=0x000000b07f6ff390 is pointing into the stack for thread: 0x000001c9e977bd10
RBP=0x000000b07f6ff3c0 is pointing into the stack for thread: 0x000001c9e977bd10
RSI=0x000000b07f6ffac0 is pointing into the stack for thread: 0x000001c9e977bd10
RDI=0x0000000000000001 is an unknown value
R8 =0x000001c9f63f55c0 points into unknown readable memory: 0x00007ff8eed26ca0 | a0 6c d2 ee f8 7f 00 00
R9 =0x0000000000000004 is an unknown value
R10=0x000001c9c965d192 is at code_begin+946 in an Interpreter codelet
method entry point (kind = native)  [0x000001c9c965cde0, 0x000001c9c965d760]  2432 bytes
R11=0x0000000000000102 is an unknown value
R12=0x0 is NULL
R13={method} {0x000001c9ea1dc5f0} 'nativeDrop' '(J)V' in 'org/wasmer/Instance'
R14=0x000000b07f6ff480 is pointing into the stack for thread: 0x000001c9e977bd10
R15=0x000001c9e977bd10 is a thread


Registers:
RAX=0x00007ff8eed26ca0, RBX=0x000001c9ea1dc5e8, RCX=0x000001c9e977bfb8, RDX=0x000000b07f6ff480
RSP=0x000000b07f6ff390, RBP=0x000000b07f6ff3c0, RSI=0x000000b07f6ffac0, RDI=0x0000000000000001
R8 =0x000001c9f63f55c0, R9 =0x0000000000000004, R10=0x000001c9c965d192, R11=0x0000000000000102
R12=0x0000000000000000, R13=0x000001c9ea1dc5e8, R14=0x000000b07f6ff480, R15=0x000001c9e977bd10
RIP=0x00007ff8e5738f19, EFLAGS=0x0000000000010206

Top of Stack: (sp=0x000000b07f6ff390)
0x000000b07f6ff390:   000001c9e98f9eb0 000001c9ea1dca90
0x000000b07f6ff3a0:   000000b07f6ff460 00007ff8ee9fda04
0x000000b07f6ff3b0:   000001c9f63f55c0 fffffffffffffffe
0x000000b07f6ff3c0:   000000b07f6ff450 000001c9c965d1c1
0x000000b07f6ff3d0:   0000000000000001 0000000000000000
0x000000b07f6ff3e0:   000001c9e977bd10 0000000000000001
0x000000b07f6ff3f0:   000000b07f6ffac0 00007ff8eea0e7e9
0x000000b07f6ff400:   000001c9e977bd10 000000b07f6ff408
0x000000b07f6ff410:   0000000000000000 000000b07f6ff480
0x000000b07f6ff420:   000001c9ea1dcbb0 0000000000000000
0x000000b07f6ff430:   000000061f9312a0 000001c9ea1dc5e8
0x000000b07f6ff440:   0000000000000000 000000b07f6ff470
0x000000b07f6ff450:   000000b07f6ff4d0 000001c9c96593d6
0x000000b07f6ff460:   0000000000000000 000001c9c965ac18
0x000000b07f6ff470:   000001c9f63f55c0 0000000000000000
0x000000b07f6ff480:   000000061fb5a8d8 000000b07f6ff488 

Instructions: (pc=0x00007ff8e5738f19)
0x00007ff8e5738e19:   00 00 00 48 8d 8d c0 00 00 00 e8 28 e6 ff ff 90
0x00007ff8e5738e29:   48 83 c4 28 5b 5f 5e 41 5c 41 5d 41 5e 41 5f 5d
0x00007ff8e5738e39:   c3 cc cc cc cc cc cc 56 48 81 ec 00 01 00 00 48
0x00007ff8e5738e49:   89 4c 24 28 4c 89 44 24 30 4c 89 4c 24 38 48 8d
0x00007ff8e5738e59:   74 24 28 48 89 74 24 40 48 8d 44 24 38 48 89 44
0x00007ff8e5738e69:   24 48 48 8d 44 24 30 48 89 44 24 50 48 8d 8c 24
0x00007ff8e5738e79:   a0 00 00 00 48 8d 54 24 40 e8 f9 8d ff ff 0f 10
0x00007ff8e5738e89:   84 24 f0 00 00 00 0f 29 84 24 90 00 00 00 0f 10
0x00007ff8e5738e99:   84 24 e0 00 00 00 0f 29 84 24 80 00 00 00 0f 10
0x00007ff8e5738ea9:   84 24 a0 00 00 00 0f 10 8c 24 b0 00 00 00 0f 10
0x00007ff8e5738eb9:   94 24 c0 00 00 00 0f 10 9c 24 d0 00 00 00 0f 29
0x00007ff8e5738ec9:   5c 24 70 0f 29 54 24 60 0f 29 4c 24 50 0f 29 44
0x00007ff8e5738ed9:   24 40 48 8d 54 24 40 48 89 f1 e8 c8 7b ff ff 31
0x00007ff8e5738ee9:   c9 48 85 c0 48 0f 44 ca 48 89 c8 48 81 c4 00 01
0x00007ff8e5738ef9:   00 00 5e c3 cc cc cc 55 48 83 ec 30 48 8d 6c 24
0x00007ff8e5738f09:   30 48 c7 45 f8 fe ff ff ff 4c 89 45 f0 49 8b 00
0x00007ff8e5738f19:   f0 48 83 28 01 75 09 48 8b 4d f0 e8 77 05 00 00
0x00007ff8e5738f29:   48 8b 45 f0 48 8d 48 08 e8 7a c6 ff ff 48 8b 45
0x00007ff8e5738f39:   f0 48 8d 48 20 e8 0d 46 ff ff ba 40 00 00 00 41
0x00007ff8e5738f49:   b8 08 00 00 00 48 8b 4d f0 48 83 c4 30 5d e9 94
0x00007ff8e5738f59:   a5 00 00 0f 1f 40 00 48 89 54 24 10 55 48 83 ec
0x00007ff8e5738f69:   20 48 8d 6a 30 48 8b 45 f0 48 8d 48 10 e8 25 e6
0x00007ff8e5738f79:   ff ff 90 48 83 c4 20 5d c3 66 2e 0f 1f 84 00 00
0x00007ff8e5738f89:   00 00 00 0f 1f 40 00 48 89 54 24 10 55 48 83 ec
0x00007ff8e5738f99:   20 48 8d 6a 30 48 8b 45 f0 48 8d 48 08 e8 05 e6
0x00007ff8e5738fa9:   ff ff 90 48 83 c4 20 5d c3 66 2e 0f 1f 84 00 00
0x00007ff8e5738fb9:   00 00 00 0f 1f 40 00 48 89 54 24 10 55 48 83 ec
0x00007ff8e5738fc9:   20 48 8d 6a 30 48 8b 4d f0 e8 29 e9 ff ff 90 48
0x00007ff8e5738fd9:   83 c4 20 5d c3 cc cc 56 57 48 81 ec 08 01 00 00
0x00007ff8e5738fe9:   48 89 4c 24 28 4c 89 44 24 30 4c 89 4c 24 38 48
0x00007ff8e5738ff9:   8d 44 24 30 48 89 44 24 40 48 8d 74 24 28 48 89
0x00007ff8e5739009:   74 24 48 48 8d 44 24 38 48 89 44 24 50 48 8d 84 


Stack slot to memory mapping:
stack at sp + 0 slots: 0x000001c9e98f9eb0 points into unknown readable memory: 0x000001c9e9816cd0 | d0 6c 81 e9 c9 01 00 00
stack at sp + 1 slots: 0x000001c9ea1dca90 is pointing into metadata
stack at sp + 2 slots: 0x000000b07f6ff460 is pointing into the stack for thread: 0x000001c9e977bd10
stack at sp + 3 slots: 0x00007ff8ee9fda04 jvm.dll
stack at sp + 4 slots: 0x000001c9f63f55c0 points into unknown readable memory: 0x00007ff8eed26ca0 | a0 6c d2 ee f8 7f 00 00
stack at sp + 5 slots: 0xfffffffffffffffe is an unknown value
stack at sp + 6 slots: 0x000000b07f6ff450 is pointing into the stack for thread: 0x000001c9e977bd10
stack at sp + 7 slots: 0x000001c9c965d1c1 is at code_begin+993 in an Interpreter codelet
method entry point (kind = native)  [0x000001c9c965cde0, 0x000001c9c965d760]  2432 bytes


---------------  P R O C E S S  ---------------

Threads class SMR info:
_java_thread_list=0x000001c9f0db5320, length=17, elements={
0x000001c9b891f710, 0x000001c9e977b150, 0x000001c9e977bd10, 0x000001c9e978b5d0,
0x000001c9e978dfb0, 0x000001c9e978e970, 0x000001c9e9794360, 0x000001c9e97a5f30,
0x000001c9e97aea00, 0x000001c9e97b1e10, 0x000001c9e97708a0, 0x000001c9e98a1120,
0x000001c9e98a1640, 0x000001c9e98a5b70, 0x000001c9e9a65e90, 0x000001c9e9a878d0,
0x000001c9e9a87db0
}

Java Threads: ( => current thread )
  0x000001c9b891f710 JavaThread "main" [_thread_blocked, id=9632, stack(0x000000b07ee00000,0x000000b07ef00000)]
  0x000001c9e977b150 JavaThread "Reference Handler" daemon [_thread_blocked, id=4372, stack(0x000000b07f500000,0x000000b07f600000)]
=>0x000001c9e977bd10 JavaThread "Finalizer" daemon [_thread_in_native, id=20064, stack(0x000000b07f600000,0x000000b07f700000)]
  0x000001c9e978b5d0 JavaThread "Signal Dispatcher" daemon [_thread_blocked, id=8140, stack(0x000000b07f700000,0x000000b07f800000)]
  0x000001c9e978dfb0 JavaThread "Attach Listener" daemon [_thread_blocked, id=11840, stack(0x000000b07f800000,0x000000b07f900000)]
  0x000001c9e978e970 JavaThread "Service Thread" daemon [_thread_blocked, id=2076, stack(0x000000b07f900000,0x000000b07fa00000)]
  0x000001c9e9794360 JavaThread "Monitor Deflation Thread" daemon [_thread_blocked, id=5232, stack(0x000000b07fa00000,0x000000b07fb00000)]
  0x000001c9e97a5f30 JavaThread "JVMCI-native CompilerThread0" daemon [_thread_blocked, id=6228, stack(0x000000b07fb00000,0x000000b07fc00000)]
  0x000001c9e97aea00 JavaThread "C1 CompilerThread0" daemon [_thread_blocked, id=20068, stack(0x000000b07fc00000,0x000000b07fd00000)]
  0x000001c9e97b1e10 JavaThread "Sweeper thread" daemon [_thread_blocked, id=3596, stack(0x000000b07fd00000,0x000000b07fe00000)]
  0x000001c9e97708a0 JavaThread "Common-Cleaner" daemon [_thread_blocked, id=6288, stack(0x000000b07fe00000,0x000000b07ff00000)]
  0x000001c9e98a1120 JavaThread "C1 CompilerThread1" daemon [_thread_blocked, id=8280, stack(0x000000b07ff00000,0x000000b080000000)]
  0x000001c9e98a1640 JavaThread "C1 CompilerThread2" daemon [_thread_blocked, id=15504, stack(0x000000b000000000,0x000000b000100000)]
  0x000001c9e98a5b70 JavaThread "C1 CompilerThread3" daemon [_thread_blocked, id=12608, stack(0x000000b000100000,0x000000b000200000)]
  0x000001c9e9a65e90 JavaThread "JVMCI-native CompilerThread1" daemon [_thread_blocked, id=2016, stack(0x000000b000200000,0x000000b000300000)]
  0x000001c9e9a878d0 JavaThread "Monitor Ctrl-Break" daemon [_thread_in_native, id=10064, stack(0x000000b000500000,0x000000b000600000)]
  0x000001c9e9a87db0 JavaThread "Notification Thread" daemon [_thread_blocked, id=3184, stack(0x000000b000600000,0x000000b000700000)]

Other Threads:
  0x000001c9e7f7ecf0 VMThread "VM Thread" [stack: 0x000000b07f400000,0x000000b07f500000] [id=22388]
  0x000001c9e7dc2720 WatcherThread [stack: 0x000000b000700000,0x000000b000800000] [id=14776]
  0x000001c9b89d0d50 GCTaskThread "GC Thread#0" [stack: 0x000000b07ef00000,0x000000b07f000000] [id=8516]
  0x000001c9f6bcc030 GCTaskThread "GC Thread#1" [stack: 0x000000b000300000,0x000000b000400000] [id=11044]
  0x000001c9f6bcc2e0 GCTaskThread "GC Thread#2" [stack: 0x000000b000400000,0x000000b000500000] [id=20228]
  0x000001c9f6bcad60 GCTaskThread "GC Thread#3" [stack: 0x000000b005000000,0x000000b005100000] [id=18308]
  0x000001c9f6bcbad0 GCTaskThread "GC Thread#4" [stack: 0x000000b005100000,0x000000b005200000] [id=6564]
  0x000001c9f6bcc590 GCTaskThread "GC Thread#5" [stack: 0x000000b005200000,0x000000b005300000] [id=9284]
  0x000001c9f6bcaab0 GCTaskThread "GC Thread#6" [stack: 0x000000b005300000,0x000000b005400000] [id=14704]
  0x000001c9f6bcb010 GCTaskThread "GC Thread#7" [stack: 0x000000b005400000,0x000000b005500000] [id=19540]
  0x000001c9f6bcb2c0 GCTaskThread "GC Thread#8" [stack: 0x000000b005500000,0x000000b005600000] [id=21420]
  0x000001c9f6bcb570 GCTaskThread "GC Thread#9" [stack: 0x000000b005600000,0x000000b005700000] [id=16968]
  0x000001c9f6bcb820 GCTaskThread "GC Thread#10" [stack: 0x000000b005700000,0x000000b005800000] [id=316]
  0x000001c9f6bcbd80 GCTaskThread "GC Thread#11" [stack: 0x000000b005800000,0x000000b005900000] [id=8720]
  0x000001c9b893f1a0 ConcurrentGCThread "G1 Main Marker" [stack: 0x000000b07f000000,0x000000b07f100000] [id=20120]
  0x000001c9b89e23f0 ConcurrentGCThread "G1 Conc#0" [stack: 0x000000b07f100000,0x000000b07f200000] [id=22576]
  0x000001c9b89ee880 ConcurrentGCThread "G1 Refine#0" [stack: 0x000000b07f200000,0x000000b07f300000] [id=20812]
  0x000001c9e7ebc3d0 ConcurrentGCThread "G1 Service" [stack: 0x000000b07f300000,0x000000b07f400000] [id=21720]

Threads with active compile tasks:

VM state: not at safepoint (normal execution)

VM Mutex/Monitor currently owned by a thread: None

Heap address: 0x0000000601400000, size: 8172 MB, Compressed Oops mode: Zero based, Oop shift amount: 3

CDS archive(s) mapped at: [0x0000000800000000-0x0000000800bc0000-0x0000000800bc0000), size 12320768, SharedBaseAddress: 0x0000000800000000, ArchiveRelocationMode: 0.
Compressed class space mapped at: 0x0000000800c00000-0x0000000840c00000, reserved size: 1073741824
Narrow klass base: 0x0000000800000000, Narrow klass shift: 0, Narrow klass range: 0x100000000

GC Precious Log:
 CPUs: 36 total, 36 available
 Memory: 32674M
 Large Page Support: Disabled
 NUMA Support: Disabled
 Compressed Oops: Enabled (Zero based)
 Heap Region Size: 4M
 Heap Min Capacity: 8M
 Heap Initial Capacity: 512M
 Heap Max Capacity: 8172M
 Pre-touch: Disabled
 Parallel Workers: 25
 Concurrent Workers: 6
 Concurrent Refinement Workers: 25
 Periodic GC: Disabled

Heap:
 garbage-first heap   total 524288K, used 3558K [0x0000000601400000, 0x0000000800000000)
  region size 4096K, 2 young (8192K), 1 survivors (4096K)
 Metaspace       used 6269K, committed 6464K, reserved 1056768K
  class space    used 741K, committed 832K, reserved 1048576K

Heap Regions: E=young(eden), S=young(survivor), O=old, HS=humongous(starts), HC=humongous(continues), CS=collection set, F=free, OA=open archive, CA=closed archive, TAMS=top-at-mark-start (previous, next)
|   0|0x0000000601400000, 0x0000000601400000, 0x0000000601800000|  0%| F|  |TAMS 0x0000000601400000, 0x0000000601400000| Untracked 
|   1|0x0000000601800000, 0x0000000601800000, 0x0000000601c00000|  0%| F|  |TAMS 0x0000000601800000, 0x0000000601800000| Untracked 
|   2|0x0000000601c00000, 0x0000000601c00000, 0x0000000602000000|  0%| F|  |TAMS 0x0000000601c00000, 0x0000000601c00000| Untracked 
|   3|0x0000000602000000, 0x0000000602000000, 0x0000000602400000|  0%| F|  |TAMS 0x0000000602000000, 0x0000000602000000| Untracked 
|   4|0x0000000602400000, 0x0000000602400000, 0x0000000602800000|  0%| F|  |TAMS 0x0000000602400000, 0x0000000602400000| Untracked 
|   5|0x0000000602800000, 0x0000000602800000, 0x0000000602c00000|  0%| F|  |TAMS 0x0000000602800000, 0x0000000602800000| Untracked 
|   6|0x0000000602c00000, 0x0000000602c00000, 0x0000000603000000|  0%| F|  |TAMS 0x0000000602c00000, 0x0000000602c00000| Untracked 
|   7|0x0000000603000000, 0x0000000603000000, 0x0000000603400000|  0%| F|  |TAMS 0x0000000603000000, 0x0000000603000000| Untracked 
|   8|0x0000000603400000, 0x0000000603400000, 0x0000000603800000|  0%| F|  |TAMS 0x0000000603400000, 0x0000000603400000| Untracked 
|   9|0x0000000603800000, 0x0000000603800000, 0x0000000603c00000|  0%| F|  |TAMS 0x0000000603800000, 0x0000000603800000| Untracked 
|  10|0x0000000603c00000, 0x0000000603c00000, 0x0000000604000000|  0%| F|  |TAMS 0x0000000603c00000, 0x0000000603c00000| Untracked 
|  11|0x0000000604000000, 0x0000000604000000, 0x0000000604400000|  0%| F|  |TAMS 0x0000000604000000, 0x0000000604000000| Untracked 
|  12|0x0000000604400000, 0x0000000604400000, 0x0000000604800000|  0%| F|  |TAMS 0x0000000604400000, 0x0000000604400000| Untracked 
|  13|0x0000000604800000, 0x0000000604800000, 0x0000000604c00000|  0%| F|  |TAMS 0x0000000604800000, 0x0000000604800000| Untracked 
|  14|0x0000000604c00000, 0x0000000604c00000, 0x0000000605000000|  0%| F|  |TAMS 0x0000000604c00000, 0x0000000604c00000| Untracked 
|  15|0x0000000605000000, 0x0000000605000000, 0x0000000605400000|  0%| F|  |TAMS 0x0000000605000000, 0x0000000605000000| Untracked 
|  16|0x0000000605400000, 0x0000000605400000, 0x0000000605800000|  0%| F|  |TAMS 0x0000000605400000, 0x0000000605400000| Untracked 
|  17|0x0000000605800000, 0x0000000605800000, 0x0000000605c00000|  0%| F|  |TAMS 0x0000000605800000, 0x0000000605800000| Untracked 
|  18|0x0000000605c00000, 0x0000000605c00000, 0x0000000606000000|  0%| F|  |TAMS 0x0000000605c00000, 0x0000000605c00000| Untracked 
|  19|0x0000000606000000, 0x0000000606000000, 0x0000000606400000|  0%| F|  |TAMS 0x0000000606000000, 0x0000000606000000| Untracked 
|  20|0x0000000606400000, 0x0000000606400000, 0x0000000606800000|  0%| F|  |TAMS 0x0000000606400000, 0x0000000606400000| Untracked 
|  21|0x0000000606800000, 0x0000000606800000, 0x0000000606c00000|  0%| F|  |TAMS 0x0000000606800000, 0x0000000606800000| Untracked 
|  22|0x0000000606c00000, 0x0000000606c00000, 0x0000000607000000|  0%| F|  |TAMS 0x0000000606c00000, 0x0000000606c00000| Untracked 
|  23|0x0000000607000000, 0x0000000607000000, 0x0000000607400000|  0%| F|  |TAMS 0x0000000607000000, 0x0000000607000000| Untracked 
|  24|0x0000000607400000, 0x0000000607400000, 0x0000000607800000|  0%| F|  |TAMS 0x0000000607400000, 0x0000000607400000| Untracked 
|  25|0x0000000607800000, 0x0000000607800000, 0x0000000607c00000|  0%| F|  |TAMS 0x0000000607800000, 0x0000000607800000| Untracked 
|  26|0x0000000607c00000, 0x0000000607c00000, 0x0000000608000000|  0%| F|  |TAMS 0x0000000607c00000, 0x0000000607c00000| Untracked 
|  27|0x0000000608000000, 0x0000000608000000, 0x0000000608400000|  0%| F|  |TAMS 0x0000000608000000, 0x0000000608000000| Untracked 
|  28|0x0000000608400000, 0x0000000608400000, 0x0000000608800000|  0%| F|  |TAMS 0x0000000608400000, 0x0000000608400000| Untracked 
|  29|0x0000000608800000, 0x0000000608800000, 0x0000000608c00000|  0%| F|  |TAMS 0x0000000608800000, 0x0000000608800000| Untracked 
|  30|0x0000000608c00000, 0x0000000608c00000, 0x0000000609000000|  0%| F|  |TAMS 0x0000000608c00000, 0x0000000608c00000| Untracked 
|  31|0x0000000609000000, 0x0000000609000000, 0x0000000609400000|  0%| F|  |TAMS 0x0000000609000000, 0x0000000609000000| Untracked 
|  32|0x0000000609400000, 0x0000000609400000, 0x0000000609800000|  0%| F|  |TAMS 0x0000000609400000, 0x0000000609400000| Untracked 
|  33|0x0000000609800000, 0x0000000609800000, 0x0000000609c00000|  0%| F|  |TAMS 0x0000000609800000, 0x0000000609800000| Untracked 
|  34|0x0000000609c00000, 0x0000000609c00000, 0x000000060a000000|  0%| F|  |TAMS 0x0000000609c00000, 0x0000000609c00000| Untracked 
|  35|0x000000060a000000, 0x000000060a000000, 0x000000060a400000|  0%| F|  |TAMS 0x000000060a000000, 0x000000060a000000| Untracked 
|  36|0x000000060a400000, 0x000000060a400000, 0x000000060a800000|  0%| F|  |TAMS 0x000000060a400000, 0x000000060a400000| Untracked 
|  37|0x000000060a800000, 0x000000060a800000, 0x000000060ac00000|  0%| F|  |TAMS 0x000000060a800000, 0x000000060a800000| Untracked 
|  38|0x000000060ac00000, 0x000000060ac00000, 0x000000060b000000|  0%| F|  |TAMS 0x000000060ac00000, 0x000000060ac00000| Untracked 
|  39|0x000000060b000000, 0x000000060b000000, 0x000000060b400000|  0%| F|  |TAMS 0x000000060b000000, 0x000000060b000000| Untracked 
|  40|0x000000060b400000, 0x000000060b400000, 0x000000060b800000|  0%| F|  |TAMS 0x000000060b400000, 0x000000060b400000| Untracked 
|  41|0x000000060b800000, 0x000000060b800000, 0x000000060bc00000|  0%| F|  |TAMS 0x000000060b800000, 0x000000060b800000| Untracked 
|  42|0x000000060bc00000, 0x000000060bc00000, 0x000000060c000000|  0%| F|  |TAMS 0x000000060bc00000, 0x000000060bc00000| Untracked 
|  43|0x000000060c000000, 0x000000060c000000, 0x000000060c400000|  0%| F|  |TAMS 0x000000060c000000, 0x000000060c000000| Untracked 
|  44|0x000000060c400000, 0x000000060c400000, 0x000000060c800000|  0%| F|  |TAMS 0x000000060c400000, 0x000000060c400000| Untracked 
|  45|0x000000060c800000, 0x000000060c800000, 0x000000060cc00000|  0%| F|  |TAMS 0x000000060c800000, 0x000000060c800000| Untracked 
|  46|0x000000060cc00000, 0x000000060cc00000, 0x000000060d000000|  0%| F|  |TAMS 0x000000060cc00000, 0x000000060cc00000| Untracked 
|  47|0x000000060d000000, 0x000000060d000000, 0x000000060d400000|  0%| F|  |TAMS 0x000000060d000000, 0x000000060d000000| Untracked 
|  48|0x000000060d400000, 0x000000060d400000, 0x000000060d800000|  0%| F|  |TAMS 0x000000060d400000, 0x000000060d400000| Untracked 
|  49|0x000000060d800000, 0x000000060d800000, 0x000000060dc00000|  0%| F|  |TAMS 0x000000060d800000, 0x000000060d800000| Untracked 
|  50|0x000000060dc00000, 0x000000060dc00000, 0x000000060e000000|  0%| F|  |TAMS 0x000000060dc00000, 0x000000060dc00000| Untracked 
|  51|0x000000060e000000, 0x000000060e000000, 0x000000060e400000|  0%| F|  |TAMS 0x000000060e000000, 0x000000060e000000| Untracked 
|  52|0x000000060e400000, 0x000000060e400000, 0x000000060e800000|  0%| F|  |TAMS 0x000000060e400000, 0x000000060e400000| Untracked 
|  53|0x000000060e800000, 0x000000060e800000, 0x000000060ec00000|  0%| F|  |TAMS 0x000000060e800000, 0x000000060e800000| Untracked 
|  54|0x000000060ec00000, 0x000000060ec00000, 0x000000060f000000|  0%| F|  |TAMS 0x000000060ec00000, 0x000000060ec00000| Untracked 
|  55|0x000000060f000000, 0x000000060f000000, 0x000000060f400000|  0%| F|  |TAMS 0x000000060f000000, 0x000000060f000000| Untracked 
|  56|0x000000060f400000, 0x000000060f400000, 0x000000060f800000|  0%| F|  |TAMS 0x000000060f400000, 0x000000060f400000| Untracked 
|  57|0x000000060f800000, 0x000000060f800000, 0x000000060fc00000|  0%| F|  |TAMS 0x000000060f800000, 0x000000060f800000| Untracked 
|  58|0x000000060fc00000, 0x000000060fc00000, 0x0000000610000000|  0%| F|  |TAMS 0x000000060fc00000, 0x000000060fc00000| Untracked 
|  59|0x0000000610000000, 0x0000000610000000, 0x0000000610400000|  0%| F|  |TAMS 0x0000000610000000, 0x0000000610000000| Untracked 
|  60|0x0000000610400000, 0x0000000610400000, 0x0000000610800000|  0%| F|  |TAMS 0x0000000610400000, 0x0000000610400000| Untracked 
|  61|0x0000000610800000, 0x0000000610800000, 0x0000000610c00000|  0%| F|  |TAMS 0x0000000610800000, 0x0000000610800000| Untracked 
|  62|0x0000000610c00000, 0x0000000610c00000, 0x0000000611000000|  0%| F|  |TAMS 0x0000000610c00000, 0x0000000610c00000| Untracked 
|  63|0x0000000611000000, 0x0000000611000000, 0x0000000611400000|  0%| F|  |TAMS 0x0000000611000000, 0x0000000611000000| Untracked 
|  64|0x0000000611400000, 0x0000000611400000, 0x0000000611800000|  0%| F|  |TAMS 0x0000000611400000, 0x0000000611400000| Untracked 
|  65|0x0000000611800000, 0x0000000611800000, 0x0000000611c00000|  0%| F|  |TAMS 0x0000000611800000, 0x0000000611800000| Untracked 
|  66|0x0000000611c00000, 0x0000000611c00000, 0x0000000612000000|  0%| F|  |TAMS 0x0000000611c00000, 0x0000000611c00000| Untracked 
|  67|0x0000000612000000, 0x0000000612000000, 0x0000000612400000|  0%| F|  |TAMS 0x0000000612000000, 0x0000000612000000| Untracked 
|  68|0x0000000612400000, 0x0000000612400000, 0x0000000612800000|  0%| F|  |TAMS 0x0000000612400000, 0x0000000612400000| Untracked 
|  69|0x0000000612800000, 0x0000000612800000, 0x0000000612c00000|  0%| F|  |TAMS 0x0000000612800000, 0x0000000612800000| Untracked 
|  70|0x0000000612c00000, 0x0000000612c00000, 0x0000000613000000|  0%| F|  |TAMS 0x0000000612c00000, 0x0000000612c00000| Untracked 
|  71|0x0000000613000000, 0x0000000613000000, 0x0000000613400000|  0%| F|  |TAMS 0x0000000613000000, 0x0000000613000000| Untracked 
|  72|0x0000000613400000, 0x0000000613400000, 0x0000000613800000|  0%| F|  |TAMS 0x0000000613400000, 0x0000000613400000| Untracked 
|  73|0x0000000613800000, 0x0000000613800000, 0x0000000613c00000|  0%| F|  |TAMS 0x0000000613800000, 0x0000000613800000| Untracked 
|  74|0x0000000613c00000, 0x0000000613c00000, 0x0000000614000000|  0%| F|  |TAMS 0x0000000613c00000, 0x0000000613c00000| Untracked 
|  75|0x0000000614000000, 0x0000000614000000, 0x0000000614400000|  0%| F|  |TAMS 0x0000000614000000, 0x0000000614000000| Untracked 
|  76|0x0000000614400000, 0x0000000614400000, 0x0000000614800000|  0%| F|  |TAMS 0x0000000614400000, 0x0000000614400000| Untracked 
|  77|0x0000000614800000, 0x0000000614800000, 0x0000000614c00000|  0%| F|  |TAMS 0x0000000614800000, 0x0000000614800000| Untracked 
|  78|0x0000000614c00000, 0x0000000614c00000, 0x0000000615000000|  0%| F|  |TAMS 0x0000000614c00000, 0x0000000614c00000| Untracked 
|  79|0x0000000615000000, 0x0000000615000000, 0x0000000615400000|  0%| F|  |TAMS 0x0000000615000000, 0x0000000615000000| Untracked 
|  80|0x0000000615400000, 0x0000000615400000, 0x0000000615800000|  0%| F|  |TAMS 0x0000000615400000, 0x0000000615400000| Untracked 
|  81|0x0000000615800000, 0x0000000615800000, 0x0000000615c00000|  0%| F|  |TAMS 0x0000000615800000, 0x0000000615800000| Untracked 
|  82|0x0000000615c00000, 0x0000000615c00000, 0x0000000616000000|  0%| F|  |TAMS 0x0000000615c00000, 0x0000000615c00000| Untracked 
|  83|0x0000000616000000, 0x0000000616000000, 0x0000000616400000|  0%| F|  |TAMS 0x0000000616000000, 0x0000000616000000| Untracked 
|  84|0x0000000616400000, 0x0000000616400000, 0x0000000616800000|  0%| F|  |TAMS 0x0000000616400000, 0x0000000616400000| Untracked 
|  85|0x0000000616800000, 0x0000000616800000, 0x0000000616c00000|  0%| F|  |TAMS 0x0000000616800000, 0x0000000616800000| Untracked 
|  86|0x0000000616c00000, 0x0000000616c00000, 0x0000000617000000|  0%| F|  |TAMS 0x0000000616c00000, 0x0000000616c00000| Untracked 
|  87|0x0000000617000000, 0x0000000617000000, 0x0000000617400000|  0%| F|  |TAMS 0x0000000617000000, 0x0000000617000000| Untracked 
|  88|0x0000000617400000, 0x0000000617400000, 0x0000000617800000|  0%| F|  |TAMS 0x0000000617400000, 0x0000000617400000| Untracked 
|  89|0x0000000617800000, 0x0000000617800000, 0x0000000617c00000|  0%| F|  |TAMS 0x0000000617800000, 0x0000000617800000| Untracked 
|  90|0x0000000617c00000, 0x0000000617c00000, 0x0000000618000000|  0%| F|  |TAMS 0x0000000617c00000, 0x0000000617c00000| Untracked 
|  91|0x0000000618000000, 0x0000000618000000, 0x0000000618400000|  0%| F|  |TAMS 0x0000000618000000, 0x0000000618000000| Untracked 
|  92|0x0000000618400000, 0x0000000618400000, 0x0000000618800000|  0%| F|  |TAMS 0x0000000618400000, 0x0000000618400000| Untracked 
|  93|0x0000000618800000, 0x0000000618800000, 0x0000000618c00000|  0%| F|  |TAMS 0x0000000618800000, 0x0000000618800000| Untracked 
|  94|0x0000000618c00000, 0x0000000618c00000, 0x0000000619000000|  0%| F|  |TAMS 0x0000000618c00000, 0x0000000618c00000| Untracked 
|  95|0x0000000619000000, 0x0000000619000000, 0x0000000619400000|  0%| F|  |TAMS 0x0000000619000000, 0x0000000619000000| Untracked 
|  96|0x0000000619400000, 0x0000000619400000, 0x0000000619800000|  0%| F|  |TAMS 0x0000000619400000, 0x0000000619400000| Untracked 
|  97|0x0000000619800000, 0x0000000619800000, 0x0000000619c00000|  0%| F|  |TAMS 0x0000000619800000, 0x0000000619800000| Untracked 
|  98|0x0000000619c00000, 0x0000000619c00000, 0x000000061a000000|  0%| F|  |TAMS 0x0000000619c00000, 0x0000000619c00000| Untracked 
|  99|0x000000061a000000, 0x000000061a000000, 0x000000061a400000|  0%| F|  |TAMS 0x000000061a000000, 0x000000061a000000| Untracked 
| 100|0x000000061a400000, 0x000000061a400000, 0x000000061a800000|  0%| F|  |TAMS 0x000000061a400000, 0x000000061a400000| Untracked 
| 101|0x000000061a800000, 0x000000061a800000, 0x000000061ac00000|  0%| F|  |TAMS 0x000000061a800000, 0x000000061a800000| Untracked 
| 102|0x000000061ac00000, 0x000000061ac00000, 0x000000061b000000|  0%| F|  |TAMS 0x000000061ac00000, 0x000000061ac00000| Untracked 
| 103|0x000000061b000000, 0x000000061b000000, 0x000000061b400000|  0%| F|  |TAMS 0x000000061b000000, 0x000000061b000000| Untracked 
| 104|0x000000061b400000, 0x000000061b400000, 0x000000061b800000|  0%| F|  |TAMS 0x000000061b400000, 0x000000061b400000| Untracked 
| 105|0x000000061b800000, 0x000000061b800000, 0x000000061bc00000|  0%| F|  |TAMS 0x000000061b800000, 0x000000061b800000| Untracked 
| 106|0x000000061bc00000, 0x000000061bc00000, 0x000000061c000000|  0%| F|  |TAMS 0x000000061bc00000, 0x000000061bc00000| Untracked 
| 107|0x000000061c000000, 0x000000061c000000, 0x000000061c400000|  0%| F|  |TAMS 0x000000061c000000, 0x000000061c000000| Untracked 
| 108|0x000000061c400000, 0x000000061c400000, 0x000000061c800000|  0%| F|  |TAMS 0x000000061c400000, 0x000000061c400000| Untracked 
| 109|0x000000061c800000, 0x000000061c800000, 0x000000061cc00000|  0%| F|  |TAMS 0x000000061c800000, 0x000000061c800000| Untracked 
| 110|0x000000061cc00000, 0x000000061cc00000, 0x000000061d000000|  0%| F|  |TAMS 0x000000061cc00000, 0x000000061cc00000| Untracked 
| 111|0x000000061d000000, 0x000000061d000000, 0x000000061d400000|  0%| F|  |TAMS 0x000000061d000000, 0x000000061d000000| Untracked 
| 112|0x000000061d400000, 0x000000061d400000, 0x000000061d800000|  0%| F|  |TAMS 0x000000061d400000, 0x000000061d400000| Untracked 
| 113|0x000000061d800000, 0x000000061d800000, 0x000000061dc00000|  0%| F|  |TAMS 0x000000061d800000, 0x000000061d800000| Untracked 
| 114|0x000000061dc00000, 0x000000061dc00000, 0x000000061e000000|  0%| F|  |TAMS 0x000000061dc00000, 0x000000061dc00000| Untracked 
| 115|0x000000061e000000, 0x000000061e000000, 0x000000061e400000|  0%| F|  |TAMS 0x000000061e000000, 0x000000061e000000| Untracked 
| 116|0x000000061e400000, 0x000000061e400000, 0x000000061e800000|  0%| F|  |TAMS 0x000000061e400000, 0x000000061e400000| Untracked 
| 117|0x000000061e800000, 0x000000061e800000, 0x000000061ec00000|  0%| F|  |TAMS 0x000000061e800000, 0x000000061e800000| Untracked 
| 118|0x000000061ec00000, 0x000000061ec00000, 0x000000061f000000|  0%| F|  |TAMS 0x000000061ec00000, 0x000000061ec00000| Untracked 
| 119|0x000000061f000000, 0x000000061f000000, 0x000000061f400000|  0%| F|  |TAMS 0x000000061f000000, 0x000000061f000000| Untracked 
| 120|0x000000061f400000, 0x000000061f400000, 0x000000061f800000|  0%| F|  |TAMS 0x000000061f400000, 0x000000061f400000| Untracked 
| 121|0x000000061f800000, 0x000000061fb79b60, 0x000000061fc00000| 86%| S|CS|TAMS 0x000000061f800000, 0x000000061f800000| Complete 
| 122|0x000000061fc00000, 0x000000061fc00000, 0x0000000620000000|  0%| F|  |TAMS 0x000000061fc00000, 0x000000061fc00000| Untracked 
| 123|0x0000000620000000, 0x0000000620000000, 0x0000000620400000|  0%| F|  |TAMS 0x0000000620000000, 0x0000000620000000| Untracked 
| 124|0x0000000620400000, 0x0000000620400000, 0x0000000620800000|  0%| F|  |TAMS 0x0000000620400000, 0x0000000620400000| Untracked 
| 125|0x0000000620800000, 0x0000000620800000, 0x0000000620c00000|  0%| F|  |TAMS 0x0000000620800000, 0x0000000620800000| Untracked 
| 126|0x0000000620c00000, 0x0000000620c00000, 0x0000000621000000|  0%| F|  |TAMS 0x0000000620c00000, 0x0000000620c00000| Untracked 
| 127|0x0000000621000000, 0x000000062129e0c0, 0x0000000621400000| 65%| E|  |TAMS 0x0000000621000000, 0x0000000621000000| Complete 

Card table byte_map: [0x000001c9d3950000,0x000001c9d4950000] _byte_map_base: 0x000001c9d0946000

Marking Bits (Prev, Next): (CMBitMap*) 0x000001c9b89d1360, (CMBitMap*) 0x000001c9b89d13a0
 Prev Bits: [0x000001c9d5950000, 0x000001c9dd900000)
 Next Bits: [0x000001c9dd900000, 0x000001c9e58b0000)

Polling page: 0x000001c9b6460000

Metaspace:

Usage:
  Non-class:      5.40 MB used.
      Class:    741.05 KB used.
       Both:      6.12 MB used.

Virtual space:
  Non-class space:        8.00 MB reserved,       5.50 MB ( 69%) committed,  1 nodes.
      Class space:        1.00 GB reserved,     832.00 KB ( <1%) committed,  1 nodes.
             Both:        1.01 GB reserved,       6.31 MB ( <1%) committed. 

Chunk freelists:
   Non-Class:  1.98 MB
       Class:  3.06 MB
        Both:  5.05 MB

MaxMetaspaceSize: unlimited
CompressedClassSpaceSize: 1.00 GB
Initial GC threshold: 21.00 MB
Current GC threshold: 21.00 MB
CDS: on
MetaspaceReclaimPolicy: balanced
 - commit_granule_bytes: 65536.
 - commit_granule_words: 8192.
 - virtual_space_node_default_size: 1048576.
 - enlarge_chunks_in_place: 1.
 - new_chunks_are_fully_committed: 0.
 - uncommit_free_chunks: 1.
 - use_allocation_guard: 0.
 - handle_deallocations: 1.


Internal statistics:

num_allocs_failed_limit: 0.
num_arena_births: 106.
num_arena_deaths: 0.
num_vsnodes_births: 2.
num_vsnodes_deaths: 0.
num_space_committed: 101.
num_space_uncommitted: 0.
num_chunks_returned_to_freelist: 0.
num_chunks_taken_from_freelist: 240.
num_chunk_merges: 0.
num_chunk_splits: 146.
num_chunks_enlarged: 104.
num_purges: 0.
num_inconsistent_stats: 0.

CodeHeap 'non-profiled nmethods': size=117184Kb used=357Kb max_used=357Kb free=116826Kb
 bounds [0x000001c9ca170000, 0x000001c9ca3e0000, 0x000001c9d13e0000]
CodeHeap 'profiled nmethods': size=117184Kb used=3208Kb max_used=3208Kb free=113975Kb
 bounds [0x000001c9c23e0000, 0x000001c9c2710000, 0x000001c9c9650000]
CodeHeap 'non-nmethods': size=11392Kb used=2876Kb max_used=2876Kb free=8516Kb
 bounds [0x000001c9c9650000, 0x000001c9c9920000, 0x000001c9ca170000]
 total_blobs=1918 nmethods=1442 adapters=389
 compilation: enabled
              stopped_count=0, restarted_count=0
 full_count=0

JVMCI Events (20 events):
Event: 0.447 Thread 0x000001c9e9a663b0 compacted oop handles in JVMCI runtime 2 from 75 to 74
Event: 0.463 Thread 0x000001c9e9a663b0 compacted oop handles in JVMCI runtime 2 from 75 to 55
Event: 0.464 Thread 0x000001c9e97a5f30 compacted oop handles in JVMCI runtime 0 from 53 to 40
Event: 0.480 Thread 0x000001c9e97a5f30 compacted oop handles in JVMCI runtime 0 from 44 to 43
Event: 0.521 Thread 0x000001c9e9a65e90 compacted oop handles in JVMCI runtime 1 from 74 to 71
Event: 0.675 Thread 0x000001c9e9a668d0 detaching from JVMCI runtime 3: stopping idle compiler thread (0 other threads still attached)
Event: 0.675 Thread 0x000001c9e9a668d0 shutting down HotSpotJVMCIRuntime for JVMCI runtime 3
Event: 0.675 Thread 0x000001c9e9a668d0 shut down JVMCI runtime 3
Event: 0.678 Thread 0x000001c9e9a668d0 destroyed JavaVM[4]@0x000001c9eea7cb28 for JVMCI runtime 3
Event: 0.678 Thread 0x000001c9e9a668d0 compacted oop handles in JVMCI runtime 3 from 59 to 59
Event: 0.678 Thread 0x000001c9e9a668d0 releasing handles for JVMCI runtime 3: oop handles=59, metadata handles={total=192, live=176, blocks=6}
Event: 0.678 Thread 0x000001c9e9a668d0 detached from JVMCI runtime 3
Event: 0.680 Thread 0x000001c9e9a65e90 compacted oop handles in JVMCI runtime 1 from 72 to 47
Event: 0.683 Thread 0x000001c9e9a663b0 detaching from JVMCI runtime 2: stopping idle compiler thread (0 other threads still attached)
Event: 0.683 Thread 0x000001c9e9a663b0 shutting down HotSpotJVMCIRuntime for JVMCI runtime 2
Event: 0.683 Thread 0x000001c9e9a663b0 shut down JVMCI runtime 2
Event: 0.687 Thread 0x000001c9e9a663b0 destroyed JavaVM[3]@0x000001c9ed87cb28 for JVMCI runtime 2
Event: 0.687 Thread 0x000001c9e9a663b0 compacted oop handles in JVMCI runtime 2 from 60 to 60
Event: 0.687 Thread 0x000001c9e9a663b0 releasing handles for JVMCI runtime 2: oop handles=60, metadata handles={total=179, live=166, blocks=6}
Event: 0.687 Thread 0x000001c9e9a663b0 detached from JVMCI runtime 2

Compilation events (20 events):
Event: 0.707 Thread 0x000001c9e98a5b70 1407       3       java.util.ArrayList::<init> (61 bytes)
Event: 0.707 Thread 0x000001c9e9a65e90 1408       4       jdk.internal.misc.Unsafe::getIntUnaligned (12 bytes)
Event: 0.707 Thread 0x000001c9e97aea00 1409       3       java.util.Collections$UnmodifiableCollection::contains (11 bytes)
Event: 0.708 Thread 0x000001c9e98a1120 nmethod 1400 0x000001c9c26f0f10 code [0x000001c9c26f1260, 0x000001c9c26f3998]
Event: 0.708 Thread 0x000001c9e98a1120 1410       3       java.util.RegularEnumSet::contains (57 bytes)
Event: 0.708 Thread 0x000001c9e97a5f30 nmethod 1401 0x000001c9ca1c7110 code [0x000001c9ca1c7280, 0x000001c9ca1c7350]
Event: 0.708 Thread 0x000001c9e97aea00 nmethod 1409 0x000001c9c26f4210 code [0x000001c9c26f43c0, 0x000001c9c26f46e8]
Event: 0.708 Thread 0x000001c9e98a5b70 nmethod 1407 0x000001c9c26f4790 code [0x000001c9c26f4a00, 0x000001c9c26f5398]
Event: 0.708 Thread 0x000001c9e98a1120 nmethod 1410 0x000001c9c26f5690 code [0x000001c9c26f5860, 0x000001c9c26f5de8]
Event: 0.708 Thread 0x000001c9e98a1120 1411       1       java.time.format.DateTimeFormatter::getDecimalStyle (5 bytes)
Event: 0.708 Thread 0x000001c9e9a65e90 nmethod 1408 0x000001c9ca1c7410 code [0x000001c9ca1c7580, 0x000001c9ca1c7600]
Event: 0.708 Thread 0x000001c9e98a1120 nmethod 1411 0x000001c9ca1c7710 code [0x000001c9ca1c78a0, 0x000001c9ca1c7978]
Event: 0.713 Thread 0x000001c9e98a1120 1413       3       java.lang.ref.Reference::enqueueFromPending (19 bytes)
Event: 0.713 Thread 0x000001c9e98a1640 1414   !   3       java.lang.ref.ReferenceQueue::enqueue (119 bytes)
Event: 0.713 Thread 0x000001c9e98a1120 nmethod 1413 0x000001c9c26f5f10 code [0x000001c9c26f60c0, 0x000001c9c26f6448]
Event: 0.713 Thread 0x000001c9e98a1120 1416   !   3       java.lang.ref.ReferenceQueue::remove (125 bytes)
Event: 0.713 Thread 0x000001c9e98a5b70 1417       3       java.lang.ref.ReferenceQueue::reallyPoll (65 bytes)
Event: 0.713 Thread 0x000001c9e97aea00 1418   !   3       jdk.internal.ref.PhantomCleanable::isListEmpty (34 bytes)
Event: 0.713 Thread 0x000001c9e97aea00 nmethod 1418 0x000001c9c26f6510 code [0x000001c9c26f66a0, 0x000001c9c26f68f8]
Event: 0.713 Thread 0x000001c9e97aea00 1419       3       jdk.internal.misc.InnocuousThread::eraseThreadLocals (23 bytes)

GC Heap History (2 events):
Event: 0.709 GC heap before
{Heap before GC invocations=0 (full 0):
 garbage-first heap   total 524288K, used 20480K [0x0000000601400000, 0x0000000800000000)
  region size 4096K, 6 young (24576K), 0 survivors (0K)
 Metaspace       used 6171K, committed 6272K, reserved 1056768K
  class space    used 724K, committed 768K, reserved 1048576K
}
Event: 0.713 GC heap after
{Heap after GC invocations=1 (full 0):
 garbage-first heap   total 524288K, used 3558K [0x0000000601400000, 0x0000000800000000)
  region size 4096K, 1 young (4096K), 1 survivors (4096K)
 Metaspace       used 6171K, committed 6272K, reserved 1056768K
  class space    used 724K, committed 768K, reserved 1048576K
}

Dll operation events (11 events):
Event: 0.006 Loaded shared library C:\Users\Admin\.jdks\graalvm-ce-17\bin\java.dll
Event: 0.016 Loaded shared library C:\Users\Admin\.jdks\graalvm-ce-17\bin\jsvml.dll
Event: 0.082 Loaded shared library C:\Users\Admin\.jdks\graalvm-ce-17\bin\zip.dll
Event: 0.084 Loaded shared library C:\Users\Admin\.jdks\graalvm-ce-17\bin\instrument.dll
Event: 0.089 Loaded shared library C:\Users\Admin\.jdks\graalvm-ce-17\bin\net.dll
Event: 0.090 Loaded shared library C:\Users\Admin\.jdks\graalvm-ce-17\bin\nio.dll
Event: 0.094 Loaded shared library C:\Users\Admin\.jdks\graalvm-ce-17\bin\jvmcicompiler.dll
Event: 0.097 Loaded shared library C:\Users\Admin\.jdks\graalvm-ce-17\bin\zip.dll
Event: 0.122 Loaded shared library C:\Program Files\JetBrains\IntelliJ IDEA Community Edition 2023.1\bin\breakgen64.dll
Event: 0.138 Loaded shared library C:\Users\Admin\.jdks\graalvm-ce-17\bin\jimage.dll
Event: 0.647 Loaded shared library C:\Users\Admin\AppData\Local\Temp\wasmer_jni16514654115523268245.lib

Deoptimization events (20 events):
Event: 0.169 Thread 0x000001c9b891f710 DEOPT PACKING pc=0x000001c9c23eb9d1 sp=0x000000b07eefc4b0
Event: 0.169 Thread 0x000001c9b891f710 DEOPT UNPACKING pc=0x000001c9c96a6f45 sp=0x000000b07eefb928 mode 0
Event: 0.315 Thread 0x000001c9b891f710 Uncommon trap: trap_request=0xffffffed fr.pc=0x000001c9ca1972ec relative=0x000000000000016c
Event: 0.315 Thread 0x000001c9b891f710 Uncommon trap: reason=null_assert_or_unreached0 action=reinterpret pc=0x000001c9ca1972ec method=java.lang.String.startsWith(Ljava/lang/String;I)Z @ 0 jvmci
Event: 0.315 Thread 0x000001c9b891f710 DEOPT PACKING pc=0x000001c9ca1972ec sp=0x000000b07eefc0c0
Event: 0.315 Thread 0x000001c9b891f710 DEOPT UNPACKING pc=0x000001c9c96a6f45 sp=0x000000b07eefb520 mode 3
Event: 0.322 Thread 0x000001c9b891f710 Uncommon trap: trap_request=0xffffffed fr.pc=0x000001c9ca1a50f4 relative=0x0000000000000b54
Event: 0.322 Thread 0x000001c9b891f710 Uncommon trap: reason=null_assert_or_unreached0 action=reinterpret pc=0x000001c9ca1a50f4 method=java.util.HashMap.putVal(ILjava/lang/Object;Ljava/lang/Object;ZZ)Ljava/lang/Object; @ 134 jvmci
Event: 0.322 Thread 0x000001c9b891f710 DEOPT PACKING pc=0x000001c9ca1a50f4 sp=0x000000b07eefcb30
Event: 0.322 Thread 0x000001c9b891f710 DEOPT UNPACKING pc=0x000001c9c96a6f45 sp=0x000000b07eefbfd0 mode 3
Event: 0.417 Thread 0x000001c9b891f710 Uncommon trap: trap_request=0xffffffe5 fr.pc=0x000001c9ca196cb6 relative=0x00000000000002b6
Event: 0.417 Thread 0x000001c9b891f710 Uncommon trap: reason=range_check action=reinterpret pc=0x000001c9ca196cb6 method=java.lang.StringLatin1.indexOf([BI[BII)I @ 0 jvmci
Event: 0.417 Thread 0x000001c9b891f710 DEOPT PACKING pc=0x000001c9ca196cb6 sp=0x000000b07eefe6e0
Event: 0.417 Thread 0x000001c9b891f710 DEOPT UNPACKING pc=0x000001c9c96a6f45 sp=0x000000b07eefdb50 mode 3
Event: 0.423 Thread 0x000001c9b891f710 DEOPT PACKING pc=0x000001c9c244b97e sp=0x000000b07eefd1f0
Event: 0.423 Thread 0x000001c9b891f710 DEOPT UNPACKING pc=0x000001c9c96a6f45 sp=0x000000b07eefc660 mode 0
Event: 0.500 Thread 0x000001c9b891f710 Uncommon trap: trap_request=0xffffffed fr.pc=0x000001c9ca1b9454 relative=0x0000000000000054
Event: 0.500 Thread 0x000001c9b891f710 Uncommon trap: reason=null_assert_or_unreached0 action=reinterpret pc=0x000001c9ca1b9454 method=java.lang.CharacterData.of(I)Ljava/lang/CharacterData; @ 0 jvmci
Event: 0.500 Thread 0x000001c9b891f710 DEOPT PACKING pc=0x000001c9ca1b9454 sp=0x000000b07eefd750
Event: 0.500 Thread 0x000001c9b891f710 DEOPT UNPACKING pc=0x000001c9c96a6f45 sp=0x000000b07eefcbf8 mode 3

Classes unloaded (0 events):
No events

Classes redefined (0 events):
No events

Internal exceptions (20 events):
Event: 0.270 Thread 0x000001c9b891f710 Exception <a 'java/lang/NoSuchMethodError'{0x0000000620aa4490}: 'java.lang.Object java.lang.invoke.DirectMethodHandle$Holder.newInvokeSpecial(java.lang.Object, java.lang.Object, java.lang.Object, java.lang.Object, java.lang.Object, java.lang.Object, java.lang.Object)'> (0x0000000620aa4490) 
thrown [s\src\hotspot\share\interpreter\linkResolver.cpp, line 759]
Event: 0.271 Thread 0x000001c9b891f710 Exception <a 'java/lang/NoSuchMethodError'{0x0000000620aa8a18}: 'java.lang.Object java.lang.invoke.Invokers$Holder.linkToTargetMethod(java.lang.Object, java.lang.Object, java.lang.Object, java.lang.Object, java.lang.Object, java.lang.Object, java.lang.Object)'> (0x0000000620aa8a18) 
thrown [s\src\hotspot\share\interpreter\linkResolver.cpp, line 759]
Event: 0.272 Thread 0x000001c9b891f710 Exception <a 'java/lang/NoSuchMethodError'{0x0000000620aaff60}: 'java.lang.Object java.lang.invoke.DirectMethodHandle$Holder.invokeSpecialIFC(java.lang.Object, java.lang.Object, java.lang.Object, java.lang.Object, java.lang.Object)'> (0x0000000620aaff60) 
thrown [s\src\hotspot\share\interpreter\linkResolver.cpp, line 759]
Event: 0.325 Thread 0x000001c9b891f710 Exception <a 'java/lang/NoSuchMethodError'{0x00000006204917e0}: 'java.lang.Object java.lang.invoke.DirectMethodHandle$Holder.invokeStaticInit(java.lang.Object, int, int, int, int)'> (0x00000006204917e0) 
thrown [s\src\hotspot\share\interpreter\linkResolver.cpp, line 759]
Event: 0.374 Thread 0x000001c9b891f710 Exception <a 'java/lang/NoSuchMethodError'{0x00000006204dfff0}: 'java.lang.Object java.lang.invoke.DirectMethodHandle$Holder.invokeStaticInit(java.lang.Object, java.lang.Object, int, int, int, int)'> (0x00000006204dfff0) 
thrown [s\src\hotspot\share\interpreter\linkResolver.cpp, line 759]
Event: 0.385 Thread 0x000001c9b891f710 Exception <a 'java/lang/IncompatibleClassChangeError'{0x0000000620512550}: Found class java.lang.Object, but interface was expected> (0x0000000620512550) 
thrown [s\src\hotspot\share\interpreter\linkResolver.cpp, line 826]
Event: 0.403 Thread 0x000001c9b891f710 Exception <a 'java/lang/NoSuchMethodError'{0x00000006205b13b8}: 'int java.lang.invoke.DirectMethodHandle$Holder.invokeSpecial(java.lang.Object, java.lang.Object, java.lang.Object)'> (0x00000006205b13b8) 
thrown [s\src\hotspot\share\interpreter\linkResolver.cpp, line 759]
Event: 0.407 Thread 0x000001c9b891f710 Exception <a 'java/lang/NoSuchMethodError'{0x00000006205d1f00}: 'java.lang.Object java.lang.invoke.DirectMethodHandle$Holder.invokeSpecial(java.lang.Object, java.lang.Object, int, java.lang.Object, java.lang.Object)'> (0x00000006205d1f00) 
thrown [s\src\hotspot\share\interpreter\linkResolver.cpp, line 759]
Event: 0.408 Thread 0x000001c9b891f710 Exception <a 'java/lang/NoSuchMethodError'{0x00000006205da1d0}: 'java.lang.Object java.lang.invoke.DirectMethodHandle$Holder.newInvokeSpecial(java.lang.Object, java.lang.Object, int, java.lang.Object)'> (0x00000006205da1d0) 
thrown [s\src\hotspot\share\interpreter\linkResolver.cpp, line 759]
Event: 0.408 Thread 0x000001c9b891f710 Exception <a 'java/lang/NoSuchMethodError'{0x00000006205de5b0}: 'java.lang.Object java.lang.invoke.DirectMethodHandle$Holder.invokeSpecial(java.lang.Object, java.lang.Object, java.lang.Object, int, java.lang.Object)'> (0x00000006205de5b0) 
thrown [s\src\hotspot\share\interpreter\linkResolver.cpp, line 759]
Event: 0.436 Thread 0x000001c9b891f710 Exception <a 'java/lang/NoSuchMethodError'{0x00000006206d15b8}: 'int java.lang.invoke.DirectMethodHandle$Holder.invokeVirtual(java.lang.Object, java.lang.Object)'> (0x00000006206d15b8) 
thrown [s\src\hotspot\share\interpreter\linkResolver.cpp, line 759]
Event: 0.450 Thread 0x000001c9b891f710 Exception <a 'java/lang/NoSuchMethodError'{0x000000062073c428}: 'java.lang.Object java.lang.invoke.DirectMethodHandle$Holder.newInvokeSpecial(java.lang.Object, java.lang.Object, java.lang.Object, java.lang.Object, java.lang.Object)'> (0x000000062073c428) 
thrown [s\src\hotspot\share\interpreter\linkResolver.cpp, line 759]
Event: 0.451 Thread 0x000001c9b891f710 Exception <a 'sun/nio/fs/WindowsException'{0x00000006207404d0}> (0x00000006207404d0) 
thrown [s\src\hotspot\share\prims\jni.cpp, line 516]
Event: 0.454 Thread 0x000001c9b891f710 Exception <a 'java/lang/NoSuchMethodError'{0x0000000620751318}: 'void java.lang.invoke.DirectMethodHandle$Holder.invokeSpecial(java.lang.Object, java.lang.Object, java.lang.Object, java.lang.Object, java.lang.Object)'> (0x0000000620751318) 
thrown [s\src\hotspot\share\interpreter\linkResolver.cpp, line 759]
Event: 0.531 Thread 0x000001c9b891f710 Exception <a 'java/lang/NoSuchMethodError'{0x000000062020ede8}: 'java.lang.Object java.lang.invoke.DirectMethodHandle$Holder.invokeStaticInit(java.lang.Object, java.lang.Object, java.lang.Object, int)'> (0x000000062020ede8) 
thrown [s\src\hotspot\share\interpreter\linkResolver.cpp, line 759]
Event: 0.533 Thread 0x000001c9b891f710 Exception <a 'java/lang/NoSuchMethodError'{0x000000062021dda0}: 'java.lang.Object java.lang.invoke.DirectMethodHandle$Holder.invokeStatic(java.lang.Object, java.lang.Object, java.lang.Object, java.lang.Object, java.lang.Object, java.lang.Object, java.lang.Object, int)'> (0x000000062021dda0) 
thrown [s\src\hotspot\share\interpreter\linkResolver.cpp, line 759]
Event: 0.533 Thread 0x000001c9b891f710 Exception <a 'java/lang/NoSuchMethodError'{0x0000000620222918}: 'java.lang.Object java.lang.invoke.DirectMethodHandle$Holder.invokeStaticInit(java.lang.Object, java.lang.Object, java.lang.Object, java.lang.Object, java.lang.Object, java.lang.Object, java.lang.Object, int)'> (0x0000000620222918) 
thrown [s\src\hotspot\share\interpreter\linkResolver.cpp, line 759]
Event: 0.543 Thread 0x000001c9b891f710 Exception <a 'java/lang/NoSuchMethodError'{0x000000062027f3c0}: 'java.lang.Object java.lang.invoke.DirectMethodHandle$Holder.newInvokeSpecial(java.lang.Object, java.lang.Object, java.lang.Object, int)'> (0x000000062027f3c0) 
thrown [s\src\hotspot\share\interpreter\linkResolver.cpp, line 759]
Event: 0.543 Thread 0x000001c9b891f710 Exception <a 'java/lang/NoSuchMethodError'{0x00000006202835c0}: 'java.lang.Object java.lang.invoke.DirectMethodHandle$Holder.invokeSpecial(java.lang.Object, java.lang.Object, java.lang.Object, java.lang.Object, int)'> (0x00000006202835c0) 
thrown [s\src\hotspot\share\interpreter\linkResolver.cpp, line 759]
Event: 0.544 Thread 0x000001c9b891f710 Exception <a 'java/lang/NoSuchMethodError'{0x0000000620287188}: 'java.lang.Object java.lang.invoke.Invokers$Holder.linkToTargetMethod(java.lang.Object, java.lang.Object, int, java.lang.Object)'> (0x0000000620287188) 
thrown [s\src\hotspot\share\interpreter\linkResolver.cpp, line 759]

VM Operations (20 events):
Event: 0.193 Executing VM operation: HandshakeAllThreads
Event: 0.193 Executing VM operation: HandshakeAllThreads done
Event: 0.224 Executing VM operation: HandshakeAllThreads
Event: 0.224 Executing VM operation: HandshakeAllThreads done
Event: 0.314 Executing VM operation: HandshakeAllThreads
Event: 0.314 Executing VM operation: HandshakeAllThreads done
Event: 0.417 Executing VM operation: HandshakeAllThreads
Event: 0.417 Executing VM operation: HandshakeAllThreads done
Event: 0.449 Executing VM operation: HandshakeAllThreads
Event: 0.449 Executing VM operation: HandshakeAllThreads done
Event: 0.462 Executing VM operation: HandshakeAllThreads
Event: 0.462 Executing VM operation: HandshakeAllThreads done
Event: 0.499 Executing VM operation: HandshakeAllThreads
Event: 0.499 Executing VM operation: HandshakeAllThreads done
Event: 0.546 Executing VM operation: ICBufferFull
Event: 0.547 Executing VM operation: ICBufferFull done
Event: 0.578 Executing VM operation: HandshakeAllThreads
Event: 0.578 Executing VM operation: HandshakeAllThreads done
Event: 0.709 Executing VM operation: G1CollectForAllocation
Event: 0.713 Executing VM operation: G1CollectForAllocation done

Events (20 events):
Event: 0.554 loading class java/util/stream/Streams$RangeIntSpliterator
Event: 0.554 loading class java/util/stream/Streams$RangeIntSpliterator done
Event: 0.568 loading class java/util/ArrayList$SubList$1
Event: 0.568 loading class java/util/ArrayList$SubList$1 done
Event: 0.571 loading class java/time/Instant$1
Event: 0.571 loading class java/time/Instant$1 done
Event: 0.574 loading class java/lang/reflect/ParameterizedType
Event: 0.574 loading class java/lang/reflect/ParameterizedType done
Event: 0.575 loading class java/lang/NumberFormatException
Event: 0.575 loading class java/lang/NumberFormatException done
Event: 0.579 loading class java/io/File$TempDirectory
Event: 0.580 loading class java/io/File$TempDirectory done
Event: 0.580 loading class java/io/DeleteOnExitHook
Event: 0.581 loading class java/io/DeleteOnExitHook done
Event: 0.581 loading class java/io/DeleteOnExitHook$1
Event: 0.581 loading class java/io/DeleteOnExitHook$1 done
Event: 0.623 loading class java/io/FileOutputStream$1
Event: 0.623 loading class java/io/FileOutputStream$1 done
Event: 0.678 Thread 0x000001c9e9a668d0 Thread exited: 0x000001c9e9a668d0
Event: 0.687 Thread 0x000001c9e9a663b0 Thread exited: 0x000001c9e9a663b0


Dynamic libraries:
0x00007ff6cbe70000 - 0x00007ff6cbe7e000 	C:\Users\Admin\.jdks\graalvm-ce-17\bin\java.exe
0x00007ff96d710000 - 0x00007ff96d908000 	C:\Windows\SYSTEM32\ntdll.dll
0x00007ff96c840000 - 0x00007ff96c8ff000 	C:\Windows\System32\KERNEL32.DLL
0x00007ff96b300000 - 0x00007ff96b5da000 	C:\Windows\System32\KERNELBASE.dll
0x00007ff96b1d0000 - 0x00007ff96b2d0000 	C:\Windows\System32\ucrtbase.dll
0x00007ff9626b0000 - 0x00007ff9626c7000 	C:\Users\Admin\.jdks\graalvm-ce-17\bin\jli.dll
0x00007ff966880000 - 0x00007ff96689b000 	C:\Users\Admin\.jdks\graalvm-ce-17\bin\VCRUNTIME140.dll
0x00007ff96ba10000 - 0x00007ff96bbad000 	C:\Windows\System32\USER32.dll
0x00007ff96b5e0000 - 0x00007ff96b602000 	C:\Windows\System32\win32u.dll
0x00007ff9531f0000 - 0x00007ff95348a000 	C:\Windows\WinSxS\amd64_microsoft.windows.common-controls_6595b64144ccf1df_6.0.19041.1110_none_60b5254171f9507e\COMCTL32.dll
0x00007ff96c900000 - 0x00007ff96c92b000 	C:\Windows\System32\GDI32.dll
0x00007ff96c9a0000 - 0x00007ff96ca3e000 	C:\Windows\System32\msvcrt.dll
0x00007ff96b660000 - 0x00007ff96b770000 	C:\Windows\System32\gdi32full.dll
0x00007ff96af80000 - 0x00007ff96b01d000 	C:\Windows\System32\msvcp_win.dll
0x00007ff96ccf0000 - 0x00007ff96cd20000 	C:\Windows\System32\IMM32.DLL
0x00007ff9623f0000 - 0x00007ff9623fc000 	C:\Users\Admin\.jdks\graalvm-ce-17\bin\vcruntime140_1.dll
0x00007ff9405a0000 - 0x00007ff94062e000 	C:\Users\Admin\.jdks\graalvm-ce-17\bin\msvcp140.dll
0x00007ff8ee3f0000 - 0x00007ff8eefbc000 	C:\Users\Admin\.jdks\graalvm-ce-17\bin\server\jvm.dll
0x00007ff96be60000 - 0x00007ff96bf0e000 	C:\Windows\System32\ADVAPI32.dll
0x00007ff96cc50000 - 0x00007ff96ccec000 	C:\Windows\System32\sechost.dll
0x00007ff96bd30000 - 0x00007ff96be56000 	C:\Windows\System32\RPCRT4.dll
0x00007ff95f790000 - 0x00007ff95f7b7000 	C:\Windows\SYSTEM32\WINMM.dll
0x00007ff9685d0000 - 0x00007ff9685d9000 	C:\Windows\SYSTEM32\WSOCK32.dll
0x00007ff965a60000 - 0x00007ff965a6a000 	C:\Windows\SYSTEM32\VERSION.dll
0x00007ff96c770000 - 0x00007ff96c7db000 	C:\Windows\System32\WS2_32.dll
0x00007ff968d00000 - 0x00007ff968d12000 	C:\Windows\SYSTEM32\kernel.appcore.dll
0x00007ff9623e0000 - 0x00007ff9623ea000 	C:\Users\Admin\.jdks\graalvm-ce-17\bin\jimage.dll
0x00007ff95ca30000 - 0x00007ff95cc14000 	C:\Windows\SYSTEM32\DBGHELP.DLL
0x00007ff952df0000 - 0x00007ff952e24000 	C:\Windows\SYSTEM32\dbgcore.DLL
0x00007ff96b0d0000 - 0x00007ff96b152000 	C:\Windows\System32\bcryptPrimitives.dll
0x00007ff9685f0000 - 0x00007ff9685fe000 	C:\Users\Admin\.jdks\graalvm-ce-17\bin\instrument.dll
0x00007ff9623b0000 - 0x00007ff9623d5000 	C:\Users\Admin\.jdks\graalvm-ce-17\bin\java.dll
0x00007ff940070000 - 0x00007ff940147000 	C:\Users\Admin\.jdks\graalvm-ce-17\bin\jsvml.dll
0x00007ff96cd20000 - 0x00007ff96d464000 	C:\Windows\System32\SHELL32.dll
0x00007ff968f00000 - 0x00007ff969693000 	C:\Windows\SYSTEM32\windows.storage.dll
0x00007ff96c410000 - 0x00007ff96c764000 	C:\Windows\System32\combase.dll
0x00007ff96a880000 - 0x00007ff96a8ae000 	C:\Windows\SYSTEM32\Wldp.dll
0x00007ff96d470000 - 0x00007ff96d51d000 	C:\Windows\System32\SHCORE.dll
0x00007ff96c7e0000 - 0x00007ff96c835000 	C:\Windows\System32\shlwapi.dll
0x00007ff96ad60000 - 0x00007ff96ad7f000 	C:\Windows\SYSTEM32\profapi.dll
0x00007ff94e180000 - 0x00007ff94e198000 	C:\Users\Admin\.jdks\graalvm-ce-17\bin\zip.dll
0x00007ff94ecd0000 - 0x00007ff94ece9000 	C:\Users\Admin\.jdks\graalvm-ce-17\bin\net.dll
0x00007ff9645d0000 - 0x00007ff9646da000 	C:\Windows\SYSTEM32\WINHTTP.dll
0x00007ff96a570000 - 0x00007ff96a5da000 	C:\Windows\system32\mswsock.dll
0x00007ff94ebd0000 - 0x00007ff94ebe6000 	C:\Users\Admin\.jdks\graalvm-ce-17\bin\nio.dll
0x00007ff8ec380000 - 0x00007ff8ee3e1000 	C:\Users\Admin\.jdks\graalvm-ce-17\bin\jvmcicompiler.dll
0x00007ff96ad20000 - 0x00007ff96ad4e000 	C:\Windows\SYSTEM32\USERENV.dll
0x00007ff96a8f0000 - 0x00007ff96a918000 	C:\Windows\SYSTEM32\ncrypt.dll
0x00007ff96a260000 - 0x00007ff96a29c000 	C:\Windows\SYSTEM32\IPHLPAPI.DLL
0x00007ff96a8b0000 - 0x00007ff96a8eb000 	C:\Windows\SYSTEM32\NTASN1.dll
0x00007ff95e8c0000 - 0x00007ff95e8da000 	C:\Program Files\JetBrains\IntelliJ IDEA Community Edition 2023.1\bin\breakgen64.dll
0x00007ff96a780000 - 0x00007ff96a798000 	C:\Windows\SYSTEM32\CRYPTSP.dll
0x00007ff969e20000 - 0x00007ff969e54000 	C:\Windows\system32\rsaenh.dll
0x00007ff96b2d0000 - 0x00007ff96b2f7000 	C:\Windows\System32\bcrypt.dll
0x00007ff96a7f0000 - 0x00007ff96a7fc000 	C:\Windows\SYSTEM32\CRYPTBASE.dll
0x00007ff96c930000 - 0x00007ff96c938000 	C:\Windows\System32\NSI.dll
0x00007ff965a70000 - 0x00007ff965a87000 	C:\Windows\SYSTEM32\dhcpcsvc6.DLL
0x00007ff964ff0000 - 0x00007ff96500d000 	C:\Windows\SYSTEM32\dhcpcsvc.DLL
0x00007ff96a2a0000 - 0x00007ff96a36b000 	C:\Windows\SYSTEM32\DNSAPI.dll
0x00007ff8e5720000 - 0x00007ff8e5c4e000 	C:\Users\Admin\AppData\Local\Temp\wasmer_jni16514654115523268245.lib

dbghelp: loaded successfully - version: 4.0.5 - missing functions: none
symbol engine: initialized successfully - sym options: 0x614 - pdb path: .;C:\Users\Admin\.jdks\graalvm-ce-17\bin;C:\Windows\SYSTEM32;C:\Windows\WinSxS\amd64_microsoft.windows.common-controls_6595b64144ccf1df_6.0.19041.1110_none_60b5254171f9507e;C:\Users\Admin\.jdks\graalvm-ce-17\bin\server;C:\Program Files\JetBrains\IntelliJ IDEA Community Edition 2023.1\bin;C:\Users\Admin\AppData\Local\Temp

VM Arguments:
jvm_args: -XX:ThreadPriorityPolicy=1 -XX:+UnlockExperimentalVMOptions -XX:+EnableJVMCIProduct -XX:JVMCIThreadsPerNativeLibraryRuntime=1 -XX:-UnlockExperimentalVMOptions -Dorg.jetbrains.run.directory=E:\sm_cucumber\src\test\resources -javaagent:C:\Program Files\JetBrains\IntelliJ IDEA Community Edition 2023.1\lib\idea_rt.jar=53727:C:\Program Files\JetBrains\IntelliJ IDEA Community Edition 2023.1\bin -Dfile.encoding=UTF-8 
java_command: io.cucumber.core.cli.Main --plugin org.jetbrains.plugins.cucumber.java.run.CucumberJvm5SMFormatter --name ^Input and output$ --glue StepDefinition E:/sm_cucumber/src/test/resources/test.feature
java_class_path (initial): E:\sm_cucumber\target\test-classes;E:\sm_cucumber\target\classes;C:\Users\Admin\.m2\repository\io\cucumber\cucumber-java\7.11.2\cucumber-java-7.11.2.jar;C:\Users\Admin\.m2\repository\io\cucumber\cucumber-core\7.11.2\cucumber-core-7.11.2.jar;C:\Users\Admin\.m2\repository\io\cucumber\cucumber-gherkin\7.11.2\cucumber-gherkin-7.11.2.jar;C:\Users\Admin\.m2\repository\io\cucumber\cucumber-gherkin-messages\7.11.2\cucumber-gherkin-messages-7.11.2.jar;C:\Users\Admin\.m2\repository\io\cucumber\gherkin\26.0.3\gherkin-26.0.3.jar;C:\Users\Admin\.m2\repository\io\cucumber\messages\21.0.1\messages-21.0.1.jar;C:\Users\Admin\.m2\repository\io\cucumber\tag-expressions\5.0.1\tag-expressions-5.0.1.jar;C:\Users\Admin\.m2\repository\io\cucumber\cucumber-expressions\16.1.2\cucumber-expressions-16.1.2.jar;C:\Users\Admin\.m2\repository\io\cucumber\datatable\7.11.2\datatable-7.11.2.jar;C:\Users\Admin\.m2\repository\io\cucumber\cucumber-plugin\7.11.2\cucumber-plugin-7.11.2.jar;C:\Users\Admin\.m2\repository\io\cucumber\docstring\7.11.2\docstring-7.11.2.jar;C:\Users\Admin\.m2\repository\io\cucumber\html-formatter\20.2.1\html-formatter-20.2.1.jar;C:\Users\Admin\.m2\repository\io\cucumber\junit-xml-formatter\0.1.0\junit-xml-formatter-0.1.0.jar;C:\Users\Admin\.m2\repository\io\cucumber\ci-environment\9.1.0\ci-environment-9.1.0.jar;C:\Users\Admin\.m2\repository\org\apiguardian\apiguardian-api\1.1.2\apiguardian-api-1.1.2.jar;C:\Users\Admin\.m2\repository\com\wasmer\wasmer-jni\0.3.0\wasmer-jni-0.3.0.jar;C:\Users\Admin\.m2\repository\org\junit\jupiter\junit-jupiter\5.9.2\junit-jupiter-5.9.2.jar;C:\Users\Admin\.m2\repository\org\junit\jupiter\junit-jupiter-api\5.9.2\junit-jupiter-api-5.9.2.jar;C:\Users\Admin\.m2\repository\org\opentest4j\opentest4j\1.2.0\opentest4j-1.2.0.jar;C:\Users\Admin\.m2\repository\org\junit\platform\junit-platform-commons\1.9.2\junit-platform-commons-1.9.2.jar;C:\Users\Admin\.m2\repository\org\junit\jupiter\junit-jupiter-params\5.9.2\junit-jupiter-pa
Launcher Type: SUN_STANDARD

[Global flags]
     intx CICompilerCount                          = 15                                        {product} {ergonomic}
     uint ConcGCThreads                            = 6                                         {product} {ergonomic}
     bool EnableJVMCIProduct                       = true                                {JVMCI product} {jimage}
     uint G1ConcRefinementThreads                  = 25                                        {product} {ergonomic}
   size_t G1HeapRegionSize                         = 4194304                                   {product} {ergonomic}
    uintx GCDrainStackTargetSize                   = 64                                        {product} {ergonomic}
   size_t InitialHeapSize                          = 536870912                                 {product} {ergonomic}
     uint JVMCIThreadsPerNativeLibraryRuntime      = 1                                   {JVMCI product} {jimage}
   size_t MarkStackSize                            = 4194304                                   {product} {ergonomic}
   size_t MaxHeapSize                              = 8568963072                                {product} {ergonomic}
   size_t MaxNewSize                               = 5138022400                                {product} {ergonomic}
   size_t MinHeapDeltaBytes                        = 4194304                                   {product} {ergonomic}
   size_t MinHeapSize                              = 8388608                                   {product} {ergonomic}
    uintx NonNMethodCodeHeapSize                   = 11613124                               {pd product} {ergonomic}
    uintx NonProfiledCodeHeapSize                  = 120022558                              {pd product} {ergonomic}
    uintx ProfiledCodeHeapSize                     = 120022558                              {pd product} {ergonomic}
    uintx ReservedCodeCacheSize                    = 251658240                              {pd product} {ergonomic}
     bool SegmentedCodeCache                       = true                                      {product} {ergonomic}
   size_t SoftMaxHeapSize                          = 8568963072                             {manageable} {ergonomic}
     intx ThreadPriorityPolicy                     = 1                                         {product} {jimage}
     bool UseCompressedClassPointers               = true                           {product lp64_product} {ergonomic}
     bool UseCompressedOops                        = true                           {product lp64_product} {ergonomic}
     bool UseG1GC                                  = true                                      {product} {ergonomic}
     bool UseLargePagesIndividualAllocation        = false                                  {pd product} {ergonomic}

Logging:
Log output configuration:
 #0: stdout all=warning uptime,level,tags
 #1: stderr all=off uptime,level,tags

Environment Variables:
PATH=C:\Python311\Scripts\;C:\Python311\;C:\Program Files\Microsoft\jdk-11.0.16.101-hotspot\bin;C:\Windows\system32;C:\Windows;C:\Windows\System32\Wbem;C:\Windows\System32\WindowsPowerShell\v1.0\;C:\Windows\System32\OpenSSH\;C:\Program Files (x86)\NVIDIA Corporation\PhysX\Common;C:\Program Files\NVIDIA Corporation\NVIDIA NvDLISR;C:\Program Files\dotnet\;C:\Program Files\Microsoft SQL Server\150\Tools\Binn\;C:\Program Files\Microsoft SQL Server\Client SDK\ODBC\170\Tools\Binn\;C:\Program Files (x86)\Microsoft SQL Server\160\Tools\Binn\;C:\Program Files\Microsoft SQL Server\160\Tools\Binn\;C:\Program Files\Microsoft SQL Server\160\DTS\Binn\;C:\Program Files (x86)\Microsoft SQL Server\160\DTS\Binn\;C:\Program Files\Azure Data Studio\bin;C:\Program Files\Git\cmd;C:\Program Files\nodejs\;C:\ProgramData\chocolatey\bin;C:\Program Files\Cloudflare\Cloudflare WARP\;C:\Users\Admin\AppData\Local\Microsoft\WindowsApps;C:\Users\Admin\.dotnet\tools;C:\Users\Admin\AppData\Local\Programs\Microsoft VS Code\bin;C:\Program Files\Azure Data Studio\bin;C:\Users\Admin\AppData\Roaming\npm;E:\apache-maven-3.9.1\bin;E:\apache-zookeeper-3.8.1-bin;E:\kafka_2.13-3.4.0\bin;C:\Program Files\JetBrains\IntelliJ IDEA Community Edition 2023.1\bin;;E:\dart-sdk\bin;E:\flutter\bin;
USERNAME=Admin
OS=Windows_NT
PROCESSOR_IDENTIFIER=Intel64 Family 6 Model 79 Stepping 1, GenuineIntel
TMP=C:\Users\Admin\AppData\Local\Temp
TEMP=C:\Users\Admin\AppData\Local\Temp



---------------  S Y S T E M  ---------------

OS:
 Windows 10 , 64 bit Build 19041 (10.0.19041.2788)
OS uptime: 0 days 2:09 hours

CPU: total 36 (initial active 36) (18 cores per cpu, 2 threads per core) family 6 model 79 stepping 1 microcode 0xb000031, cx8, cmov, fxsr, ht, mmx, 3dnowpref, sse, sse2, sse3, ssse3, sse4.1, sse4.2, popcnt, lzcnt, tsc, tscinvbit, avx, avx2, aes, erms, clmul, bmi1, bmi2, rtm, adx, fma, vzeroupper, clflush

Memory: 4k page, system-wide physical 32674M (19308M free)
TotalPageFile size 32774M (AvailPageFile size 14736M)
current process WorkingSet (physical memory assigned to process): 170M, peak: 204M
current process commit charge ("private bytes"): 751M, peak: 804M

vm_info: OpenJDK 64-Bit Server VM (17.0.6+10-jvmci-22.3-b13) for windows-amd64 JRE (17.0.6+10-jvmci-22.3-b13), built on Jan 18 2023 13:16:54 by "" with MS VC++ 17.1 (VS2022)

END.
